2024-05-25 08:58:46,455 [INFO] Activator:176 - 


2024-05-25 08:58:46,461 [INFO] Activator:177 - !SESSION log4j initialized
2024-05-25 08:58:54,209 [ERROR] LogOutputStream:75 - [STDERR_REDIRECT] Warning: NLS missing message: GotoMatchingBracket_error_noMatchingBracket in: org.eclipse.ui.internal.genericeditor.messages
2024-05-25 08:58:54,209 [ERROR] LogOutputStream:75 - [STDERR_REDIRECT] Warning: NLS missing message: GotoMatchingBracket_error_bracketOutsideSelectedElement in: org.eclipse.ui.internal.genericeditor.messages
2024-05-25 08:58:55,231 [INFO] LogOutputStream:77 - [STDOUT_REDIRECT] 
2024-05-25 08:59:05,447 [INFO] ApplicationProperties:184 - Using Application install path: E:\STSB\STM32CubeIDE_1.14.1\STM32CubeIDE\plugins\com.st.stm32cube.common.mx_6.10.0.202311202037
2024-05-25 08:59:05,464 [INFO] DbMcusXml:78 - Set database path to: E:\STSB\STM32CubeIDE_1.14.1\STM32CubeIDE\plugins\com.st.stm32cube.common.mx_6.10.0.202311202037\\db\/mcu/
2024-05-25 08:59:05,464 [INFO] ApiDb:274 - Set plugin database path to: E:\STSB\STM32CubeIDE_1.14.1\STM32CubeIDE\plugins\com.st.stm32cube.common.mx_6.10.0.202311202037\\db\/plugins/boardmanager/
2024-05-25 08:59:05,464 [WARN] ApiDb:259 - Overriding images path with different value:  => E:\STSB\STM32CubeIDE_1.14.1\STM32CubeIDE\plugins\com.st.stm32cube.common.mx_6.10.0.202311202037\\db\/plugins/mcufinder/images/
2024-05-25 08:59:05,470 [INFO] ApiDb:250 - Set database path to: C:\Users\YUAN\.stmcufinder\plugins\mcufinder//mcu/
2024-05-25 08:59:05,471 [INFO] DbMcusAds:125 - Set database path to: C:\Users\YUAN\.stmcufinder\plugins\mcufinder//mcu/
2024-05-25 08:59:05,487 [INFO] CrossReferenceDbSqlite:203 - Set database path to: C:\Users\YUAN\.stmcufinder\plugins\mcufinder//mcu/cs/
2024-05-25 08:59:05,600 [INFO] RulesReader:64 - Compatibility file has been processed (297 Rules)
2024-05-25 08:59:05,678 [INFO] DbMcusXml:78 - Set database path to: E:\STSB\STM32CubeIDE_1.14.1\STM32CubeIDE\plugins\com.st.stm32cube.common.mx_6.10.0.202311202037\\db\/mcu/
2024-05-25 08:59:05,678 [INFO] ApiDb:274 - Set plugin database path to: E:\STSB\STM32CubeIDE_1.14.1\STM32CubeIDE\plugins\com.st.stm32cube.common.mx_6.10.0.202311202037\\db\/plugins/boardmanager/
2024-05-25 08:59:05,678 [INFO] ApiDb:261 - Set plugin images path to: E:\STSB\STM32CubeIDE_1.14.1\STM32CubeIDE\plugins\com.st.stm32cube.common.mx_6.10.0.202311202037\\db\/plugins/mcufinder/images/
2024-05-25 08:59:05,678 [WARN] DbFile:41 - Overriding database path with different value: C:\Users\YUAN\.stmcufinder\plugins\mcufinder/ => C:\Users\YUAN\.stmcufinder\plugins\mcufinder
2024-05-25 08:59:05,679 [INFO] ApiDb:250 - Set database path to: C:\Users\YUAN\.stmcufinder\plugins\mcufinder//mcu/
2024-05-25 08:59:05,679 [WARN] DbFile:41 - Overriding database path with different value: C:\Users\YUAN\.stmcufinder\plugins\mcufinder/ => C:\Users\YUAN\.stmcufinder\plugins\mcufinder
2024-05-25 08:59:05,679 [INFO] DbMcusAds:125 - Set database path to: C:\Users\YUAN\.stmcufinder\plugins\mcufinder//mcu/
2024-05-25 08:59:05,679 [WARN] DbFile:41 - Overriding database path with different value: C:\Users\YUAN\.stmcufinder\plugins\mcufinder/ => C:\Users\YUAN\.stmcufinder\plugins\mcufinder
2024-05-25 08:59:05,679 [WARN] DbFile:41 - Overriding database path with different value: C:\Users\YUAN\.stmcufinder\plugins\mcufinder/ => C:\Users\YUAN\.stmcufinder\plugins\mcufinder
2024-05-25 08:59:05,679 [INFO] CrossReferenceDbSqlite:203 - Set database path to: C:\Users\YUAN\.stmcufinder\plugins\mcufinder//mcu/cs/
2024-05-25 08:59:05,746 [INFO] MainPanel:264 - HeapMemory: 268435456
2024-05-25 08:59:05,798 [INFO] DbMcusXml:78 - Set database path to: E:\STSB\STM32CubeIDE_1.14.1\STM32CubeIDE\plugins\com.st.stm32cube.common.mx_6.10.0.202311202037\\db\/mcu/
2024-05-25 08:59:05,798 [INFO] ApiDb:274 - Set plugin database path to: E:\STSB\STM32CubeIDE_1.14.1\STM32CubeIDE\plugins\com.st.stm32cube.common.mx_6.10.0.202311202037\\db\/plugins/boardmanager/
2024-05-25 08:59:05,798 [INFO] ApiDb:261 - Set plugin images path to: E:\STSB\STM32CubeIDE_1.14.1\STM32CubeIDE\plugins\com.st.stm32cube.common.mx_6.10.0.202311202037\\db\/plugins/mcufinder/images/
2024-05-25 08:59:05,799 [WARN] DbFile:41 - Overriding database path with different value: C:\Users\YUAN\.stmcufinder\plugins\mcufinder/ => C:\Users\YUAN\.stmcufinder\plugins\mcufinder
2024-05-25 08:59:05,799 [INFO] ApiDb:250 - Set database path to: C:\Users\YUAN\.stmcufinder\plugins\mcufinder//mcu/
2024-05-25 08:59:05,799 [WARN] DbFile:41 - Overriding database path with different value: C:\Users\YUAN\.stmcufinder\plugins\mcufinder/ => C:\Users\YUAN\.stmcufinder\plugins\mcufinder
2024-05-25 08:59:05,799 [INFO] DbMcusAds:125 - Set database path to: C:\Users\YUAN\.stmcufinder\plugins\mcufinder//mcu/
2024-05-25 08:59:05,799 [WARN] DbFile:41 - Overriding database path with different value: C:\Users\YUAN\.stmcufinder\plugins\mcufinder/ => C:\Users\YUAN\.stmcufinder\plugins\mcufinder
2024-05-25 08:59:05,799 [WARN] DbFile:41 - Overriding database path with different value: C:\Users\YUAN\.stmcufinder\plugins\mcufinder/ => C:\Users\YUAN\.stmcufinder\plugins\mcufinder
2024-05-25 08:59:05,799 [INFO] CrossReferenceDbSqlite:203 - Set database path to: C:\Users\YUAN\.stmcufinder\plugins\mcufinder//mcu/cs/
2024-05-25 08:59:05,813 [INFO] ApplicationProperties:184 - Using Application install path: E:\STSB\STM32CubeIDE_1.14.1\STM32CubeIDE\plugins\com.st.stm32cube.common.mx_6.10.0.202311202037
2024-05-25 08:59:05,814 [INFO] PluginManage:196 - Search for loadable plugins [exclusion list=, ]
2024-05-25 08:59:05,815 [INFO] PluginManage:310 - Check plugin analytics
2024-05-25 08:59:05,972 [INFO] AnalyticsPlugin:253 - Accepted Software Licenses: STM32CubeMX.6.6.1
2024-05-25 08:59:05,972 [INFO] AnalyticsPlugin:255 - Accepted CMSIS Pack Licenses: 
2024-05-25 08:59:05,972 [INFO] AnalyticsPlugin:257 - Accepted Firmware Licenses: FW.F4.1.27.0,FW.H7.1.10.0,FW.H5.1.1.0,FW.F4.1.28.0
2024-05-25 08:59:05,978 [INFO] PluginManage:359 - Loaded plugin analytics (category:tool,tabindex:-1)
2024-05-25 08:59:05,979 [INFO] PluginManage:310 - Check plugin cadmodel
2024-05-25 08:59:05,986 [INFO] CADModel:105 - Init CAD model plugin
2024-05-25 08:59:05,986 [INFO] PluginManage:359 - Loaded plugin cadmodel (category:power,tabindex:5)
2024-05-25 08:59:05,987 [INFO] PluginManage:310 - Check plugin clock
2024-05-25 08:59:06,003 [INFO] PluginManage:359 - Loaded plugin clock (category:base,tabindex:2)
2024-05-25 08:59:06,004 [INFO] PluginManage:310 - Check plugin ddr
2024-05-25 08:59:06,006 [INFO] PluginManage:359 - Loaded plugin ddr (category:tool,tabindex:6)
2024-05-25 08:59:06,006 [INFO] PluginManage:310 - Check plugin filemanager
2024-05-25 08:59:06,156 [INFO] PluginManage:359 - Loaded plugin filemanager (category:base,tabindex:10)
2024-05-25 08:59:06,156 [INFO] PluginManage:310 - Check plugin ipmanager
2024-05-25 08:59:06,164 [INFO] PluginManage:359 - Loaded plugin ipmanager (category:base,tabindex:5)
2024-05-25 08:59:06,164 [INFO] PluginManage:310 - Check plugin lpbam
2024-05-25 08:59:06,172 [INFO] PluginManage:359 - Loaded plugin lpbam (category:base,tabindex:0)
2024-05-25 08:59:06,172 [INFO] PluginManage:310 - Check plugin memorymap
2024-05-25 08:59:06,187 [INFO] PluginManage:359 - Loaded plugin memorymap (category:base,tabindex:4)
2024-05-25 08:59:06,187 [INFO] PluginManage:310 - Check plugin pinoutandconfiguration
2024-05-25 08:59:06,194 [INFO] PluginManage:359 - Loaded plugin pinoutandconfiguration (category:base,tabindex:1)
2024-05-25 08:59:06,194 [INFO] PluginManage:310 - Check plugin pinoutconfig
2024-05-25 08:59:06,275 [WARN] SupportedApi:132 - Cannot load RTOS API schema: s4s-elt-must-match.1: The content of 'definitions' must match (annotation?, (simpleType | complexType)?, (unique | key | keyref)*)). A problem was found starting at: attribute.
2024-05-25 08:59:06,362 [INFO] PluginManage:359 - Loaded plugin pinoutconfig (category:base,tabindex:0)
2024-05-25 08:59:06,362 [INFO] PluginManage:310 - Check plugin power
2024-05-25 08:59:06,368 [INFO] PluginManage:359 - Loaded plugin power (category:power,tabindex:4)
2024-05-25 08:59:06,368 [INFO] PluginManage:310 - Check plugin projectmanager
2024-05-25 08:59:06,379 [INFO] PluginManage:359 - Loaded plugin projectmanager (category:projectmanager,tabindex:3)
2024-05-25 08:59:06,380 [INFO] PluginManage:310 - Check plugin thirdparty
2024-05-25 08:59:06,476 [INFO] PluginManage:359 - Loaded plugin thirdparty (category:base,tabindex:-1)
2024-05-25 08:59:06,476 [WARN] IntegrityCheckThread:84 - waiting for thirdparty lock release [integrity check]
2024-05-25 08:59:06,476 [INFO] IntegrityCheckThread:86 - entering critical section [integrity check]
2024-05-25 08:59:06,476 [INFO] PluginManage:310 - Check plugin tools
2024-05-25 08:59:06,477 [INFO] ThirdPartyUpdaterWithRetryManager:70 - Updater plugin not ready yet. [1/15]
2024-05-25 08:59:06,478 [INFO] PluginManage:359 - Loaded plugin tools (category:base,tabindex:7)
2024-05-25 08:59:06,478 [INFO] PluginManage:310 - Check plugin tutovideos
2024-05-25 08:59:06,599 [INFO] PluginManage:359 - Loaded plugin tutovideos (category:base,tabindex:-1)
2024-05-25 08:59:06,599 [INFO] PluginManage:310 - Check plugin updater
2024-05-25 08:59:06,605 [INFO] PluginManage:359 - Loaded plugin updater (category:base,tabindex:12)
2024-05-25 08:59:06,605 [INFO] PluginManage:310 - Check plugin userauth
2024-05-25 08:59:06,609 [INFO] UserAuth:114 - Init User Auth plugin
2024-05-25 08:59:06,609 [INFO] PluginManage:359 - Loaded plugin userauth (category:base,tabindex:14)
2024-05-25 08:59:06,609 [INFO] PluginManage:283 - PluginManage : Loaded plugins [17]
2024-05-25 08:59:06,786 [INFO] PinOutPanel:1499 - setPackage(No Configuration,No Configuration)
2024-05-25 08:59:06,851 [INFO] CADModel:165 - CPN selected for project level
2024-05-25 08:59:06,851 [INFO] CADModel:114 - Register for checkConnection events
2024-05-25 08:59:06,862 [INFO] IPUIPlugin:80 - create IPUIPlugin
2024-05-25 08:59:06,862 [INFO] PluginManager:220 - loadIPPluginJar : add adc
2024-05-25 08:59:06,864 [INFO] IPUIPlugin:80 - create IPUIPlugin
2024-05-25 08:59:06,864 [INFO] PluginManager:220 - loadIPPluginJar : add aes
2024-05-25 08:59:06,865 [INFO] IPUIPlugin:80 - create IPUIPlugin
2024-05-25 08:59:06,865 [INFO] PluginManager:220 - loadIPPluginJar : add can
2024-05-25 08:59:06,866 [INFO] IPUIPlugin:80 - create IPUIPlugin
2024-05-25 08:59:06,866 [INFO] PluginManager:220 - loadIPPluginJar : add comp
2024-05-25 08:59:06,867 [INFO] IPUIPlugin:80 - create IPUIPlugin
2024-05-25 08:59:06,868 [INFO] PluginManager:220 - loadIPPluginJar : add cryp
2024-05-25 08:59:06,869 [INFO] IPUIPlugin:80 - create IPUIPlugin
2024-05-25 08:59:06,869 [INFO] PluginManager:220 - loadIPPluginJar : add dfsdm
2024-05-25 08:59:06,872 [INFO] IPUIPlugin:80 - create IPUIPlugin
2024-05-25 08:59:06,873 [INFO] PluginManager:220 - loadIPPluginJar : add dma
2024-05-25 08:59:06,874 [INFO] IPUIPlugin:80 - create IPUIPlugin
2024-05-25 08:59:06,874 [INFO] PluginManager:220 - loadIPPluginJar : add dma3
2024-05-25 08:59:06,875 [INFO] IPUIPlugin:80 - create IPUIPlugin
2024-05-25 08:59:06,875 [INFO] PluginManager:220 - loadIPPluginJar : add fatfs
2024-05-25 08:59:06,877 [INFO] IPUIPlugin:80 - create IPUIPlugin
2024-05-25 08:59:06,877 [INFO] PluginManager:220 - loadIPPluginJar : add fmc
2024-05-25 08:59:06,881 [INFO] IPUIPlugin:80 - create IPUIPlugin
2024-05-25 08:59:06,881 [INFO] PluginManager:220 - loadIPPluginJar : add freertos
2024-05-25 08:59:06,882 [INFO] IPUIPlugin:80 - create IPUIPlugin
2024-05-25 08:59:06,882 [INFO] PluginManager:220 - loadIPPluginJar : add genericplugin
2024-05-25 08:59:06,883 [INFO] IPUIPlugin:80 - create IPUIPlugin
2024-05-25 08:59:06,883 [INFO] PluginManager:220 - loadIPPluginJar : add gfxmmu
2024-05-25 08:59:06,886 [INFO] IPUIPlugin:80 - create IPUIPlugin
2024-05-25 08:59:06,886 [INFO] PluginManager:220 - loadIPPluginJar : add gic
2024-05-25 08:59:06,888 [INFO] IPUIPlugin:80 - create IPUIPlugin
2024-05-25 08:59:06,889 [INFO] PluginManager:220 - loadIPPluginJar : add gpio
2024-05-25 08:59:06,890 [INFO] IPUIPlugin:80 - create IPUIPlugin
2024-05-25 08:59:06,891 [INFO] PluginManager:220 - loadIPPluginJar : add gtzc
2024-05-25 08:59:06,892 [INFO] IPUIPlugin:80 - create IPUIPlugin
2024-05-25 08:59:06,892 [INFO] PluginManager:220 - loadIPPluginJar : add hash
2024-05-25 08:59:06,893 [INFO] IPUIPlugin:80 - create IPUIPlugin
2024-05-25 08:59:06,893 [INFO] PluginManager:220 - loadIPPluginJar : add i2c
2024-05-25 08:59:06,894 [INFO] IPUIPlugin:80 - create IPUIPlugin
2024-05-25 08:59:06,895 [INFO] PluginManager:220 - loadIPPluginJar : add i2s
2024-05-25 08:59:06,896 [INFO] IPUIPlugin:80 - create IPUIPlugin
2024-05-25 08:59:06,896 [INFO] PluginManager:220 - loadIPPluginJar : add i3c
2024-05-25 08:59:06,898 [INFO] IPUIPlugin:80 - create IPUIPlugin
2024-05-25 08:59:06,898 [INFO] PluginManager:220 - loadIPPluginJar : add ipddr
2024-05-25 08:59:06,902 [INFO] IPUIPlugin:80 - create IPUIPlugin
2024-05-25 08:59:06,902 [INFO] PluginManager:220 - loadIPPluginJar : add linkedlist
2024-05-25 08:59:06,904 [INFO] IPUIPlugin:80 - create IPUIPlugin
2024-05-25 08:59:06,904 [INFO] PluginManager:220 - loadIPPluginJar : add lorawan
2024-05-25 08:59:06,905 [INFO] IPUIPlugin:80 - create IPUIPlugin
2024-05-25 08:59:06,905 [INFO] PluginManager:220 - loadIPPluginJar : add ltdc
2024-05-25 08:59:06,908 [INFO] IPUIPlugin:80 - create IPUIPlugin
2024-05-25 08:59:06,908 [INFO] PluginManager:220 - loadIPPluginJar : add mdma
2024-05-25 08:59:06,910 [INFO] IPUIPlugin:80 - create IPUIPlugin
2024-05-25 08:59:06,911 [INFO] PluginManager:220 - loadIPPluginJar : add nvic
2024-05-25 08:59:06,912 [INFO] IPUIPlugin:80 - create IPUIPlugin
2024-05-25 08:59:06,912 [INFO] PluginManager:220 - loadIPPluginJar : add opamp
2024-05-25 08:59:06,914 [INFO] IPUIPlugin:80 - create IPUIPlugin
2024-05-25 08:59:06,914 [INFO] PluginManager:220 - loadIPPluginJar : add openamp
2024-05-25 08:59:06,915 [INFO] IPUIPlugin:80 - create IPUIPlugin
2024-05-25 08:59:06,916 [INFO] PluginManager:220 - loadIPPluginJar : add pdm2pcm
2024-05-25 08:59:06,919 [INFO] IPUIPlugin:80 - create IPUIPlugin
2024-05-25 08:59:06,921 [INFO] PluginManager:220 - loadIPPluginJar : add plateformsettings
2024-05-25 08:59:06,922 [INFO] IPUIPlugin:80 - create IPUIPlugin
2024-05-25 08:59:06,922 [INFO] PluginManager:220 - loadIPPluginJar : add quadspi
2024-05-25 08:59:06,923 [INFO] IPUIPlugin:80 - create IPUIPlugin
2024-05-25 08:59:06,923 [INFO] PluginManager:220 - loadIPPluginJar : add resmgrutility
2024-05-25 08:59:06,925 [INFO] IPUIPlugin:80 - create IPUIPlugin
2024-05-25 08:59:06,925 [INFO] PluginManager:220 - loadIPPluginJar : add sai
2024-05-25 08:59:06,926 [INFO] IPUIPlugin:80 - create IPUIPlugin
2024-05-25 08:59:06,926 [INFO] PluginManager:220 - loadIPPluginJar : add spi
2024-05-25 08:59:06,929 [INFO] IPUIPlugin:80 - create IPUIPlugin
2024-05-25 08:59:06,929 [INFO] PluginManager:220 - loadIPPluginJar : add stm32_wpan
2024-05-25 08:59:06,930 [INFO] IPUIPlugin:80 - create IPUIPlugin
2024-05-25 08:59:06,930 [INFO] PluginManager:220 - loadIPPluginJar : add tim
2024-05-25 08:59:06,932 [INFO] IPUIPlugin:80 - create IPUIPlugin
2024-05-25 08:59:06,932 [INFO] PluginManager:220 - loadIPPluginJar : add touchsensing
2024-05-25 08:59:06,933 [INFO] IPUIPlugin:80 - create IPUIPlugin
2024-05-25 08:59:06,933 [INFO] PluginManager:220 - loadIPPluginJar : add tracer_emb
2024-05-25 08:59:06,934 [INFO] IPUIPlugin:80 - create IPUIPlugin
2024-05-25 08:59:06,934 [INFO] PluginManager:220 - loadIPPluginJar : add ts
2024-05-25 08:59:06,934 [INFO] IPUIPlugin:80 - create IPUIPlugin
2024-05-25 08:59:06,935 [INFO] PluginManager:220 - loadIPPluginJar : add tsc
2024-05-25 08:59:06,935 [INFO] IPUIPlugin:80 - create IPUIPlugin
2024-05-25 08:59:06,935 [INFO] PluginManager:220 - loadIPPluginJar : add ucpd
2024-05-25 08:59:06,937 [INFO] IPUIPlugin:80 - create IPUIPlugin
2024-05-25 08:59:06,937 [INFO] PluginManager:220 - loadIPPluginJar : add usart
2024-05-25 08:59:06,938 [INFO] IPUIPlugin:80 - create IPUIPlugin
2024-05-25 08:59:06,938 [INFO] PluginManager:220 - loadIPPluginJar : add usbx
2024-05-25 08:59:07,054 [INFO] CADModel:165 - CPN selected for project level
2024-05-25 08:59:07,055 [INFO] CADModel:114 - Register for checkConnection events
2024-05-25 08:59:07,055 [FATAL] Updater:308 - Updater called before beeing initialized
2024-05-25 08:59:07,055 [ERROR] CADModel:125 - Updater not yet initialized, retry later 
2024-05-25 08:59:07,151 [INFO] CADModel:165 - CPN selected for project level
2024-05-25 08:59:07,151 [INFO] CADModel:114 - Register for checkConnection events
2024-05-25 08:59:07,151 [FATAL] Updater:308 - Updater called before beeing initialized
2024-05-25 08:59:07,151 [ERROR] CADModel:125 - Updater not yet initialized, retry later 
2024-05-25 08:59:07,153 [FATAL] Updater:308 - Updater called before beeing initialized
2024-05-25 08:59:07,242 [FATAL] Updater:308 - Updater called before beeing initialized
2024-05-25 08:59:07,245 [INFO] DbMcusAds:53 - JSON generation date=Thu May 02 16:37:29 CST 2024 (1714639049318)
2024-05-25 08:59:07,245 [FATAL] Updater:308 - Updater called before beeing initialized
2024-05-25 08:59:07,275 [WARN] DetailPanel:346 - Failed to get advertising image, set to default
2024-05-25 08:59:07,356 [FATAL] Updater:308 - Updater called before beeing initialized
2024-05-25 08:59:07,357 [FATAL] Updater:308 - Updater called before beeing initialized
2024-05-25 08:59:07,357 [FATAL] Updater:308 - Updater called before beeing initialized
2024-05-25 08:59:07,357 [WARN] DetailPanel:346 - Failed to get advertising image, set to default
2024-05-25 08:59:07,358 [FATAL] Updater:308 - Updater called before beeing initialized
2024-05-25 08:59:07,394 [ERROR] Updater:1120 - MainUpdater not yet initialized. External WinMGr cannot be set.
2024-05-25 08:59:07,395 [INFO] Updater:1056 - Updater Version found : 6.10.0
2024-05-25 08:59:07,409 [INFO] ApplicationProperties:184 - Using Application install path: E:\STSB\STM32CubeIDE_1.14.1\STM32CubeIDE\plugins\com.st.stm32cube.common.mx_6.10.0.202311202037
2024-05-25 08:59:07,833 [INFO] MainUpdater:2873 - connection check result : 10
2024-05-25 08:59:07,834 [INFO] MainUpdater:290 - Updater Check For Update Now.
2024-05-25 08:59:07,834 [INFO] MicroXplorer:498 - Change Database Version : DB.6.0.100
2024-05-25 08:59:07,838 [INFO] McuFinderGlobals:63 - Set McuFinder mode to 2 (CubeIDE integrated)
2024-05-25 08:59:07,839 [INFO] UserAuth:180 - activating auth plugin
2024-05-25 08:59:07,841 [INFO] UserAuth:404 - Internet connection configuration mode: 1
2024-05-25 08:59:07,864 [INFO] JxBrowserEngine:152 - Initiate JxBrowser Engine with user profile folder
2024-05-25 08:59:08,007 [INFO] CheckServerUpdateThread:120 - End of CheckServer Thread
2024-05-25 08:59:08,582 [INFO] WebApp:161 - Instantiating new browser for Auth
2024-05-25 08:59:09,036 [INFO] WebApp:780 - Register for checkConnection events
2024-05-25 08:59:09,036 [INFO] WebApp:414 - Apply proxy settings
2024-05-25 08:59:09,037 [INFO] WebApp:499 - Chromium requires no authentication
2024-05-25 08:59:09,041 [INFO] WebApp:442 - Direct internet connection detected
2024-05-25 08:59:09,137 [INFO] WebApp:192 - Starting web application
2024-05-25 08:59:09,137 [INFO] WebApp:544 - Web application path used E:\STSB\STM32CubeIDE_1.14.1\STM32CubeIDE\plugins\com.st.stm32cube.common.mx_6.10.0.202311202037\db\plugins\mcufinder\reactClient1\index.html
2024-05-25 08:59:09,735 [WARN] PackLoader:240 - Cannot read IP mode file for STMicroelectronics.FP-SNS-MOTENVWB1.1.4.0
2024-05-25 08:59:09,742 [WARN] PackLoader:240 - Cannot read IP mode file for STMicroelectronics.X-CUBE-SMBUS.2.1.0
2024-05-25 08:59:09,747 [WARN] PackLoader:240 - Cannot read IP mode file for STMicroelectronics.X-CUBE-TOUCHGFX.4.23.1
2024-05-25 08:59:09,749 [WARN] PackLoader:240 - Cannot read IP mode file for STMicroelectronics.X-CUBE-TOUCHGFX.4.23.0
2024-05-25 08:59:09,751 [WARN] PackLoader:240 - Cannot read IP mode file for STMicroelectronics.X-CUBE-TOUCHGFX.4.23.2
2024-05-25 08:59:09,773 [WARN] PackLoader:240 - Cannot read IP mode file for STMicroelectronics.X-CUBE-AZRTOS-F7.1.1.0
2024-05-25 08:59:09,789 [WARN] PackLoader:240 - Cannot read IP mode file for STMicroelectronics.FP-SNS-MOTENV1.4.3.2
2024-05-25 08:59:09,796 [WARN] PackLoader:240 - Cannot read IP mode file for STMicroelectronics.FP-SNS-FLIGHT1.5.0.2
2024-05-25 08:59:09,804 [WARN] PackLoader:240 - Cannot read IP mode file for STMicroelectronics.X-CUBE-DISPLAY.3.0.0
2024-05-25 08:59:09,816 [WARN] PackLoader:240 - Cannot read IP mode file for STMicroelectronics.X-CUBE-BLE1.7.0.0
2024-05-25 08:59:09,823 [WARN] PackLoader:240 - Cannot read IP mode file for emotas.I-CUBE-CANOPEN.1.3.0
2024-05-25 08:59:09,849 [WARN] PackLoader:240 - Cannot read IP mode file for STMicroelectronics.X-CUBE-BLEMGR.3.1.0
2024-05-25 08:59:09,857 [WARN] PackLoader:240 - Cannot read IP mode file for STMicroelectronics.FP-SNS-SMARTAG2.1.2.0
2024-05-25 08:59:09,867 [INFO] LogOutputStream:77 - [STDOUT_REDIRECT] 1 : Invalid condition id : UX_CORESTACK_Condition cause : null
2024-05-25 08:59:09,868 [INFO] LogOutputStream:77 - [STDOUT_REDIRECT] 1 : Invalid condition id : UX_CORESTACK_Condition cause : null
2024-05-25 08:59:09,869 [INFO] LogOutputStream:77 - [STDOUT_REDIRECT] 1 : Invalid condition id : UX_CORESTACK_Condition cause : null
2024-05-25 08:59:09,869 [INFO] LogOutputStream:77 - [STDOUT_REDIRECT] 1 : Invalid condition id : UX_CORESTACK_Condition cause : null
2024-05-25 08:59:09,877 [INFO] LogOutputStream:77 - [STDOUT_REDIRECT] 1 : Invalid condition id : UX_CORESTACK_Condition cause : null
2024-05-25 08:59:09,880 [WARN] PackLoader:240 - Cannot read IP mode file for STMicroelectronics.X-CUBE-AZRTOS-WL.2.0.0
2024-05-25 08:59:09,884 [WARN] PackLoader:240 - Cannot read IP mode file for STMicroelectronics.FP-SNS-MOTENV1.5.0.0
2024-05-25 08:59:09,890 [WARN] PackLoader:240 - Cannot read IP mode file for STMicroelectronics.X-CUBE-BLE2.3.3.0
2024-05-25 08:59:09,895 [WARN] PackLoader:240 - Cannot read IP mode file for STMicroelectronics.X-CUBE-TCPP.4.1.0
2024-05-25 08:59:09,902 [WARN] PackLoader:240 - Cannot read IP mode file for STMicroelectronics.X-CUBE-ALGOBUILD.1.3.0
2024-05-25 08:59:09,915 [WARN] PackLoader:240 - Cannot read IP mode file for STMicroelectronics.X-CUBE-AZRTOS-G0.1.1.0
2024-05-25 08:59:09,923 [WARN] PackLoader:240 - Cannot read IP mode file for STMicroelectronics.X-CUBE-SAFEA1.1.2.2
2024-05-25 08:59:09,928 [WARN] PackLoader:240 - Cannot read IP mode file for STMicroelectronics.X-CUBE-NFC4.3.0.0
2024-05-25 08:59:09,935 [WARN] PackLoader:240 - Cannot read IP mode file for STMicroelectronics.X-CUBE-BLEMGR.3.0.0
2024-05-25 08:59:09,940 [WARN] PackLoader:240 - Cannot read IP mode file for wolfSSL.I-CUBE-wolfSSL.5.7.0
2024-05-25 08:59:09,944 [WARN] PackLoader:240 - Cannot read IP mode file for STMicroelectronics.FP-ATR-SIGFOX1.3.2.0
2024-05-25 08:59:09,950 [WARN] PackLoader:240 - Cannot read IP mode file for STMicroelectronics.X-CUBE-EEPRMA1.5.1.0
2024-05-25 08:59:09,957 [WARN] PackLoader:240 - Cannot read IP mode file for ITTIA_DB.I-CUBE-ITTIADB.8.9.0
2024-05-25 08:59:09,979 [WARN] PackLoader:240 - Cannot read IP mode file for SEGGER.I-CUBE-embOS.1.3.1
2024-05-25 08:59:10,010 [WARN] PackLoader:240 - Cannot read IP mode file for STMicroelectronics.X-CUBE-ALGOBUILD.1.4.0
2024-05-25 08:59:10,015 [WARN] PackLoader:240 - Cannot read IP mode file for STMicroelectronics.X-CUBE-GNSS1.6.0.0
2024-05-25 08:59:10,032 [WARN] PackLoader:240 - Cannot read IP mode file for STMicroelectronics.X-CUBE-AZRTOS-F4.1.1.0
2024-05-25 08:59:10,039 [WARN] PackLoader:240 - Cannot read IP mode file for STMicroelectronics.X-CUBE-FREERTOS.1.2.0
2024-05-25 08:59:10,046 [WARN] PackLoader:240 - Cannot read IP mode file for wolfSSL.I-CUBE-wolfSSL.5.6.6
2024-05-25 08:59:10,058 [WARN] PackLoader:240 - Cannot read IP mode file for STMicroelectronics.X-CUBE-AZRTOS-L5.2.0.0
2024-05-25 08:59:10,067 [WARN] PackLoader:240 - Cannot read IP mode file for STMicroelectronics.X-CUBE-NFC6.3.1.0
2024-05-25 08:59:10,072 [WARN] PackLoader:240 - Cannot read IP mode file for ITTIA_DB.I-CUBE-ITTIADB.8.8.0
2024-05-25 08:59:10,076 [WARN] PackLoader:240 - Cannot read IP mode file for STMicroelectronics.X-CUBE-AI.9.0.0
2024-05-25 08:59:10,082 [WARN] PackLoader:240 - Cannot read IP mode file for STMicroelectronics.X-CUBE-NFC7.1.0.1
2024-05-25 08:59:10,088 [WARN] PackLoader:240 - Cannot read IP mode file for STMicroelectronics.X-CUBE-NFC6.3.0.0
2024-05-25 08:59:10,093 [WARN] PackLoader:240 - Cannot read IP mode file for STMicroelectronics.X-CUBE-AI.8.1.0
2024-05-25 08:59:10,105 [WARN] ConditionMgr:438 - getConditionDescription Invalid condition id : LAN8742 Phy interface Condition cause : null
2024-05-25 08:59:10,106 [WARN] PackLoader:240 - Cannot read IP mode file for STMicroelectronics.X-CUBE-AZRTOS-L4.2.0.0
2024-05-25 08:59:10,107 [WARN] ConditionMgr:1039 - genDependencies : Invalid condition id : LAN8742 Phy interface Condition cause : null
2024-05-25 08:59:10,108 [WARN] ConditionMgr:1039 - genDependencies : Invalid condition id : LAN8742 Phy interface Condition cause : null
2024-05-25 08:59:10,108 [WARN] ConditionMgr:1039 - genDependencies : Invalid condition id : LAN8742 Phy interface Condition cause : null
2024-05-25 08:59:10,115 [WARN] PackLoader:240 - Cannot read IP mode file for STMicroelectronics.X-CUBE-SFXS2LP1.4.0.0
2024-05-25 08:59:10,125 [WARN] ConditionMgr:438 - getConditionDescription Invalid condition id : UX DEVICE CLASS RTOS Condition cause : null
2024-05-25 08:59:10,125 [WARN] ConditionMgr:438 - getConditionDescription Invalid condition id : UX DEVICE CLASS RTOS Condition cause : null
2024-05-25 08:59:10,127 [WARN] PackLoader:240 - Cannot read IP mode file for STMicroelectronics.X-CUBE-AZRTOS-WB.2.0.0
2024-05-25 08:59:10,127 [WARN] ConditionMgr:1039 - genDependencies : Invalid condition id : UX DEVICE CLASS RTOS Condition cause : null
2024-05-25 08:59:10,127 [WARN] ConditionMgr:1039 - genDependencies : Invalid condition id : UX DEVICE CLASS RTOS Condition cause : null
2024-05-25 08:59:10,128 [WARN] ConditionMgr:1039 - genDependencies : Invalid condition id : UX DEVICE CLASS RTOS Condition cause : null
2024-05-25 08:59:10,128 [WARN] ConditionMgr:1039 - genDependencies : Invalid condition id : UX DEVICE CLASS RTOS Condition cause : null
2024-05-25 08:59:10,128 [WARN] ConditionMgr:1039 - genDependencies : Invalid condition id : UX DEVICE CLASS RTOS Condition cause : null
2024-05-25 08:59:10,136 [WARN] PackLoader:240 - Cannot read IP mode file for STMicroelectronics.X-CUBE-SUBG2.5.0.0
2024-05-25 08:59:10,149 [WARN] PackLoader:240 - Cannot read IP mode file for STMicroelectronics.X-CUBE-AZRTOS-G4.2.0.0
2024-05-25 08:59:10,159 [WARN] PackLoader:240 - Cannot read IP mode file for Infineon.AIROC-Wi-Fi-Bluetooth-STM32.1.5.1
2024-05-25 08:59:10,165 [WARN] PackLoader:240 - Cannot read IP mode file for STMicroelectronics.FP-SNS-MOTENVWB1.1.3.1
2024-05-25 08:59:10,169 [WARN] PackLoader:240 - Cannot read IP mode file for STMicroelectronics.X-CUBE-ISPU.2.0.0
2024-05-25 08:59:10,174 [WARN] PackLoader:240 - Cannot read IP mode file for STMicroelectronics.X-CUBE-ALS.1.0.2
2024-05-25 08:59:10,200 [WARN] PackLoader:240 - Cannot read IP mode file for STMicroelectronics.X-CUBE-MEMS1.10.0.0
2024-05-25 08:59:10,318 [WARN] PackLoader:240 - Cannot read IP mode file for STMicroelectronics.X-CUBE-FREERTOS.1.1.0
2024-05-25 08:59:10,325 [WARN] PackLoader:240 - Cannot read IP mode file for portGmbH.I-Cube-SoM-uGOAL.1.1.0
2024-05-25 08:59:10,329 [WARN] PackLoader:240 - Cannot read IP mode file for STMicroelectronics.X-CUBE-ALS.1.0.1
2024-05-25 08:59:10,342 [WARN] PackLoader:240 - Cannot read IP mode file for STMicroelectronics.X-CUBE-AZRTOS-H7RS.1.0.0
2024-05-25 08:59:10,347 [WARN] PackLoader:240 - Cannot read IP mode file for STMicroelectronics.FP-ATR-ASTRA1.2.0.0
2024-05-25 08:59:10,356 [WARN] PackLoader:240 - Cannot read IP mode file for STMicroelectronics.X-CUBE-TOF1.3.4.0
2024-05-25 08:59:10,370 [WARN] PackLoader:240 - Cannot read IP mode file for STMicroelectronics.X-CUBE-TOF1.3.4.1
2024-05-25 08:59:10,396 [WARN] PackLoader:240 - Cannot read IP mode file for STMicroelectronics.X-CUBE-AZRTOS-H7.3.2.0
2024-05-25 08:59:10,399 [INFO] ThirdParty:978 - Integrity check success = true
2024-05-25 08:59:10,399 [INFO] IntegrityCheckThread:100 - exiting critical section [integrity check]
2024-05-25 08:59:10,399 [INFO] IntegrityCheckThread:103 - End integrity checks thread
2024-05-25 08:59:29,756 [ERROR] LogOutputStream:75 - [STDERR_REDIRECT] SLF4J: Failed to load class "org.slf4j.impl.StaticLoggerBinder".
2024-05-25 08:59:29,757 [ERROR] LogOutputStream:75 - [STDERR_REDIRECT] SLF4J: Defaulting to no-operation (NOP) logger implementation
2024-05-25 08:59:29,758 [ERROR] LogOutputStream:75 - [STDERR_REDIRECT] SLF4J: See http://www.slf4j.org/codes.html#StaticLoggerBinder for further details.
2024-05-25 09:19:42,386 [INFO] McuFinderGlobals:63 - Set McuFinder mode to 2 (CubeIDE integrated)
2024-05-25 09:19:42,391 [INFO] MainUpdater:2873 - connection check result : 10
2024-05-25 09:19:42,391 [INFO] MainUpdater:2873 - connection check result : 10
2024-05-25 09:19:42,422 [INFO] MicroXplorer:468 - Change Database Path : 
2024-05-25 09:19:42,423 [INFO] MicroXplorer:498 - Change Database Version : DB.6.0.100
2024-05-25 09:19:42,427 [WARN] ThirdParty:871 - waiting for thirdparty lock release [close project]
2024-05-25 09:19:42,427 [INFO] ThirdParty:873 - entering critical section [close project]
2024-05-25 09:19:42,428 [INFO] ThirdParty:883 - exiting critical section [close project]
2024-05-25 09:19:42,430 [INFO] PinOutPanel:1499 - setPackage(No Configuration,No Configuration)
2024-05-25 09:19:42,431 [INFO] UtilMem:75 - Begin LoadConfig() Used Memory: 900364856 Bytes (1073741824)
2024-05-25 09:19:42,432 [INFO] MicroXplorer:468 - Change Database Path : 
2024-05-25 09:19:42,433 [INFO] MicroXplorer:498 - Change Database Version : DB.6.0.100
2024-05-25 09:19:42,433 [INFO] OpenFileManager:312 - Change cursor
2024-05-25 09:19:42,457 [INFO] Mcu:2016 - Initializing MCU STM32F407Z(E-G)Tx STM32F407ZGTx STM32F407ZGT6
2024-05-25 09:19:44,198 [INFO] Context:659 - Trying to add GPIOservice into a context  which must be forbidden
2024-05-25 09:19:44,689 [INFO] RtosManager:555 - Registered RTOS mode: class=CMSIS, group=RTOS, mode=CMSIS_V1, owner=FREERTOS
2024-05-25 09:19:44,689 [INFO] RtosManager:555 - Registered RTOS mode: class=CMSIS, group=RTOS2, mode=CMSIS_V2, owner=FREERTOS
2024-05-25 09:19:44,689 [INFO] RtosManager:555 - Registered RTOS mode: class=RTOS, group=Core, mode=CMSIS_V1, owner=FREERTOS
2024-05-25 09:19:44,689 [INFO] RtosManager:555 - Registered RTOS mode: class=RTOS, group=Core, mode=CMSIS_V2, owner=FREERTOS
2024-05-25 09:19:44,689 [WARN] ModelIntegratedComponent:184 - Missing modes for component STMicroelectronics:FreeRTOS:0.0.1:STMicroelectronics:RTOS:FreeRTOS:Core:::10.2.0:
2024-05-25 09:19:44,708 [WARN] ModelIntegratedComponent:63 - No mode defined for component null
2024-05-25 09:19:44,708 [WARN] ModelIntegratedComponent:63 - No mode defined for component null
2024-05-25 09:19:44,708 [WARN] ModelIntegratedComponent:63 - No mode defined for component null
2024-05-25 09:19:44,708 [WARN] ModelIntegratedComponent:63 - No mode defined for component null
2024-05-25 09:19:44,708 [WARN] ModelIntegratedComponent:63 - No mode defined for component null
2024-05-25 09:19:44,709 [WARN] ModelIntegratedComponent:63 - No mode defined for component null
2024-05-25 09:19:44,709 [WARN] ModelIntegratedComponent:63 - No mode defined for component null
2024-05-25 09:19:44,709 [WARN] ModelIntegratedComponent:63 - No mode defined for component null
2024-05-25 09:19:44,709 [WARN] ModelIntegratedComponent:63 - No mode defined for component null
2024-05-25 09:19:44,709 [WARN] ModelIntegratedComponent:63 - No mode defined for component null
2024-05-25 09:19:44,709 [WARN] ModelIntegratedComponent:63 - No mode defined for component null
2024-05-25 09:19:44,709 [WARN] ModelIntegratedComponent:63 - No mode defined for component null
2024-05-25 09:19:44,709 [WARN] ModelIntegratedComponent:63 - No mode defined for component null
2024-05-25 09:19:44,709 [WARN] ModelIntegratedComponent:63 - No mode defined for component null
2024-05-25 09:19:44,709 [WARN] ModelIntegratedComponent:63 - No mode defined for component null
2024-05-25 09:19:44,709 [WARN] ModelIntegratedComponent:63 - No mode defined for component null
2024-05-25 09:19:44,709 [WARN] ModelIntegratedComponent:63 - No mode defined for component null
2024-05-25 09:19:44,709 [WARN] ModelIntegratedComponent:63 - No mode defined for component null
2024-05-25 09:19:44,709 [WARN] ModelIntegratedComponent:63 - No mode defined for component null
2024-05-25 09:19:44,709 [WARN] ModelIntegratedComponent:63 - No mode defined for component null
2024-05-25 09:19:44,709 [WARN] ModelIntegratedComponent:63 - No mode defined for component null
2024-05-25 09:19:44,719 [WARN] ModelIntegratedComponent:63 - No mode defined for component null
2024-05-25 09:19:44,719 [WARN] ModelIntegratedComponent:63 - No mode defined for component null
2024-05-25 09:19:44,719 [WARN] ModelIntegratedComponent:63 - No mode defined for component null
2024-05-25 09:19:44,719 [WARN] ModelIntegratedComponent:63 - No mode defined for component null
2024-05-25 09:19:44,719 [WARN] ModelIntegratedComponent:63 - No mode defined for component null
2024-05-25 09:19:44,719 [WARN] ModelIntegratedComponent:63 - No mode defined for component null
2024-05-25 09:19:44,719 [WARN] ModelIntegratedComponent:63 - No mode defined for component null
2024-05-25 09:19:44,719 [WARN] ModelIntegratedComponent:63 - No mode defined for component null
2024-05-25 09:19:44,719 [WARN] ModelIntegratedComponent:63 - No mode defined for component null
2024-05-25 09:19:44,719 [WARN] ModelIntegratedComponent:63 - No mode defined for component null
2024-05-25 09:19:44,719 [WARN] ModelIntegratedComponent:63 - No mode defined for component null
2024-05-25 09:19:44,719 [WARN] ModelIntegratedComponent:63 - No mode defined for component null
2024-05-25 09:19:44,834 [INFO] ThirdPartyModel:298 - Start build external matchings
2024-05-25 09:19:45,116 [INFO] ThirdPartyModel:316 - End build external matchings
2024-05-25 09:19:45,134 [INFO] ImportTextPane:194 - (OptionalMessage_ERROR) IP (DMA) : Parameter (Instance) has Id (DCMI) currently not set
2024-05-25 09:19:45,135 [INFO] ImportTextPane:194 - (OptionalMessage_ERROR) IP (DMA) : Parameter (Channel) has Id (DCMI) currently not set
2024-05-25 09:19:45,135 [INFO] ImportTextPane:194 - (OptionalMessage_ERROR) IP (DMA) : Parameter (Direction) has Id (DCMI) currently not set
2024-05-25 09:19:45,135 [INFO] ImportTextPane:194 - (OptionalMessage_ERROR) IP (DMA) : Parameter (PeriphInc) has Id (DCMI) currently not set
2024-05-25 09:19:45,135 [INFO] ImportTextPane:194 - (OptionalMessage_ERROR) IP (DMA) : Parameter (MemInc) has Id (DCMI) currently not set
2024-05-25 09:19:45,135 [INFO] ImportTextPane:194 - (OptionalMessage_ERROR) IP (DMA) : Parameter (PeriphDataAlignment) has Id (DCMI) currently not set
2024-05-25 09:19:45,135 [INFO] ImportTextPane:194 - (OptionalMessage_ERROR) IP (DMA) : Parameter (MemDataAlignment) has Id (DCMI) currently not set
2024-05-25 09:19:45,135 [INFO] ImportTextPane:194 - (OptionalMessage_ERROR) IP (DMA) : Parameter (Mode) has Id (DCMI) currently not set
2024-05-25 09:19:45,135 [INFO] ImportTextPane:194 - (OptionalMessage_ERROR) IP (DMA) : Parameter (Priority) has Id (DCMI) currently not set
2024-05-25 09:19:45,135 [INFO] ImportTextPane:194 - (OptionalMessage_ERROR) IP (DMA) : Parameter (FIFOMode) has Id (DCMI) currently not set
2024-05-25 09:19:45,135 [INFO] ImportTextPane:194 - (OptionalMessage_ERROR) IP (DMA) : Parameter (FIFOThreshold) has Id (DCMI) currently not set
2024-05-25 09:19:45,135 [INFO] ImportTextPane:194 - (OptionalMessage_ERROR) IP (DMA) : Parameter (FIFOThreshold) has invalid value (null)
2024-05-25 09:19:45,135 [INFO] ImportTextPane:194 - (OptionalMessage_ERROR) IP (DMA) : Parameter (MemBurst) has Id (DCMI) currently not set
2024-05-25 09:19:45,135 [INFO] ImportTextPane:194 - (OptionalMessage_ERROR) IP (DMA) : Parameter (MemBurst) has invalid value (null)
2024-05-25 09:19:45,136 [INFO] ImportTextPane:194 - (OptionalMessage_ERROR) IP (DMA) : Parameter (PeriphBurst) has Id (DCMI) currently not set
2024-05-25 09:19:45,136 [INFO] ImportTextPane:194 - (OptionalMessage_ERROR) IP (DMA) : Parameter (PeriphBurst) has invalid value (null)
2024-05-25 09:19:45,143 [INFO] ImportTextPane:194 - (OptionalMessage_ERROR) IP (RCC) : Parameter (RTCHSEDivFreq_Value) has invalid value (12500000)
2024-05-25 09:19:45,626 [INFO] UtilMem:75 - End LoadConfig() Used Memory: 627712336 Bytes (1073741824)
2024-05-25 09:19:45,780 [INFO] ApiDb:581 - Connected to CubeFinder SQLite database (C:\Users\YUAN\.stmcufinder\plugins\mcufinder\mcu\cube-finder-db.db)
2024-05-25 09:19:45,882 [INFO] ApiDb:668 - CubeFinder database Data Model version=2.1
2024-05-25 09:19:45,882 [INFO] ApiDb:669 - CubeFinder database Configuration version=3.0.39
2024-05-25 09:19:45,883 [INFO] ApiDb:670 - CubeFinder database generation date=2024-04-15 (1713193726)
2024-05-25 09:19:45,883 [INFO] ApiDb:671 - CubeFinder database FW Pack versions=[FP-ATR-ASTRA1_V2.0.0, FP-SNS-FLIGHT1_V5.0.1, FP-SNS-FLIGHT1_V5.0.2, FP-SNS-MOTENV1_V4.3.1, FP-SNS-MOTENV1_V4.3.2, FP-SNS-MOTENVWB1_V1.3.1, FP-SNS-SMARTAG2_V1.2.0, STM32Cube_FW_C0_V1.1.0, STM32Cube_FW_F4_V1.28.0, STM32Cube_FW_F7_V1.17.0, STM32Cube_FW_G0_V1.6.2, STM32Cube_FW_G4_V1.5.2, STM32Cube_FW_H5_V0.5.1, STM32Cube_FW_H5_V1.1.1, STM32Cube_FW_H5_V1.2.0, STM32Cube_FW_H5_V1.2.0RC4, STM32Cube_FW_H7RS_V1.0.0, STM32Cube_FW_H7RS_V1.0.0RC4, STM32Cube_FW_H7_V1.11.0, STM32Cube_FW_L0_V1.12.2, STM32Cube_FW_L5_V1.5.1, STM32Cube_FW_U0_V1.0.0, STM32Cube_FW_U0_V1.0.0RC1, STM32Cube_FW_U5_V1.3.0RC4, STM32Cube_FW_U5_V1.5.0, STM32Cube_FW_U5_V1.5.0RC1, STM32Cube_FW_WBA_V1.0.0RC1, STM32Cube_FW_WBA_V1.2.0, STM32Cube_FW_WBA_V1.2.0RC2, STM32Cube_FW_WBA_V1.3.0, STM32Cube_FW_WBA_V1.3.0RC1, STM32Cube_FW_WB_V1.15.0RC1, STM32Cube_FW_WB_V1.16.0, STM32Cube_FW_WB_V1.16.0RC2, STM32Cube_FW_WB_V1.18.0, STM32Cube_FW_WB_V1.19.0, STM32Cube_FW_WL_V1.3.0, X-CUBE-ALGOBUILD_V1.3.0, X-CUBE-ALS_V1.0.1, X-CUBE-AZRTOS-F4_V1.1.0, X-CUBE-AZRTOS-F7_V1.1.0, X-CUBE-AZRTOS-G0_V1.1.0, X-CUBE-AZRTOS-G4_V2.0.0, X-CUBE-AZRTOS-H7_V3.2.0, X-CUBE-AZRTOS-L4_V1.0.0, X-CUBE-AZRTOS-L4_V2.0.0, X-CUBE-AZRTOS-L5_V1.1.0, X-CUBE-AZRTOS-WB_V2.0.0, X-CUBE-AZRTOS-WL_V2.0.0, X-CUBE-BLE1_V7.0.0, X-CUBE-BLE2_V3.3.0, X-CUBE-BLEMGR_V3.1.0, X-CUBE-EEPRMA1_V4.1.0, X-CUBE-EEPRMA1_V5.1.0, X-CUBE-FREERTOS_V1.1.0, X-CUBE-GNSS1_V6.0.0, X-CUBE-MEMS1_V10.0.0, X-CUBE-MEMS1_V9.1.0, X-CUBE-MEMS1_V9.4.0, X-CUBE-MEMS1_V9.6.0, X-CUBE-NFC4_V3.0.0, X-CUBE-NFC7_V1.0.1, X-CUBE-SFXS2LP1_V4.0.0, X-CUBE-SUBG2_V5.0.0, X-CUBE-TOF1_V3.4.0]
2024-05-25 09:19:48,199 [INFO] ApiDb:240 - Found 371 in-development CPN: [B-G473E-ZEST1S, B-WB1M-WPAN1, B-WL5M-SUBG1, NUCLEO-C031C6, NUCLEO-H503RB, NUCLEO-H563ZI, NUCLEO-U545RE-Q, NUCLEO-U5A5ZJ-Q, NUCLEO-WBA52CG, NUCLEO-WBA55CG, STEVAL-MKBOXPRO, STEVAL-PROTEUS1, STEVAL-STWINBX1, STM320518-EVAL, STM32C0116-DK, STM32C011D6Y3TR, STM32C011D6Y6TR, STM32C011F4P3, STM32C011F4P6, STM32C011F4U3, STM32C011F4U6TR, STM32C011F6P3, STM32C011F6P6, STM32C011F6U3, STM32C011F6U6TR, STM32C011J4M3, STM32C011J4M6, STM32C011J6M3, STM32C011J6M6, STM32C0316-DK, STM32C031C4T3, STM32C031C4T6, STM32C031C4U3, STM32C031C4U6, STM32C031C6T3, STM32C031C6T6, STM32C031C6U3, STM32C031C6U6, STM32C031F4P3, STM32C031F4P6, STM32C031F6P3, STM32C031F6P6, STM32C031G4U3, STM32C031G4U6, STM32C031G6U3, STM32C031G6U6, STM32C031K4T3, STM32C031K4T6, STM32C031K4U3, STM32C031K4U6, STM32C031K6T3, STM32C031K6T6, STM32C031K6U3, STM32C031K6U6, STM32G071K8TXN, STM32G071K8UXN, STM32G081GBU6N, STM32G081KBT6N, STM32G081KBUXN, STM32G0B1CCT6N, STM32G0B1KCT6, STM32G0B1NEY6TR, STM32G0B1RCT6N, STM32G0C1CCT6, STM32G0C1CCT6N, STM32G0C1CCU6N, STM32G0C1CET6N, STM32G0C1CEU6N, STM32G0C1KCT6, STM32G0C1NEY6TR, STM32G0C1RCI6N, STM32G0C1RCT6N, STM32G0C1REI6N, STM32G0C1RET6N, STM32G0C1VCI6, STM32G0C1VEI6, STM32G471CCT6, STM32G471CCU6, STM32G471CET3, STM32G471CET6, STM32G471CEU3, STM32G471CEU6, STM32G471MCT6, STM32G471MET3, STM32G471MET6, STM32G471MEY6TR, STM32G471QCT6, STM32G471QET3, STM32G471RCT6, STM32G471RET3, STM32G471RET6, STM32G471VCH6, STM32G471VCI6, STM32G471VCT6, STM32G471VEH3, STM32G471VEH6, STM32G471VEI3, STM32G471VEI6, STM32G471VET3, STM32G471VET6, STM32G474CCT6, STM32H503CBT6, STM32H503CBU6, STM32H503EBY6TR, STM32H503KBU6, STM32H503RBT6, STM32H562AGI6, STM32H562AII6, STM32H562IGK6, STM32H562IGT6, STM32H562IIK6, STM32H562IIT6, STM32H562RGT6, STM32H562RGV6, STM32H562RIT6, STM32H562RIV6, STM32H562VGT6, STM32H562VIT6, STM32H562ZGT6, STM32H562ZIT6, STM32H563AGI6, STM32H563AII3Q, STM32H563AII6, STM32H563IGK6, STM32H563IGT6, STM32H563IIK3Q, STM32H563IIK6, STM32H563IIT3Q, STM32H563IIT6, STM32H563MIY3QTR, STM32H563RGT6, STM32H563RGV6, STM32H563RIT6, STM32H563RIV6, STM32H563VGT6, STM32H563VIT3Q, STM32H563VIT6, STM32H563ZGT6, STM32H563ZIT3Q, STM32H563ZIT6, STM32H573AII3Q, STM32H573AII6, STM32H573I-DK, STM32H573IIK3Q, STM32H573IIK6, STM32H573IIT3Q, STM32H573IIT6, STM32H573MIY3QTR, STM32H573RIT6, STM32H573RIV6, STM32H573VIT3Q, STM32H573VIT6, STM32H573ZIT3Q, STM32H573ZIT6, STM32L4R5QGI6STR, STM32MP131AAE3, STM32MP131AAF3, STM32MP131AAG3, STM32MP131CAE3, STM32MP131CAF3, STM32MP131CAG3, STM32MP131DAE7, STM32MP131DAF7, STM32MP131DAG7, STM32MP131FAE7, STM32MP131FAF7, STM32MP131FAG7, STM32MP133AAE3, STM32MP133AAF3, STM32MP133AAG3, STM32MP133CAE3, STM32MP133CAF3, STM32MP133CAG3, STM32MP133DAE7, STM32MP133DAF7, STM32MP133DAG7, STM32MP133FAE7, STM32MP133FAF7, STM32MP133FAG7, STM32MP135AAE3, STM32MP135AAF3, STM32MP135AAG3, STM32MP135CAE3, STM32MP135CAF3, STM32MP135CAG3, STM32MP135DAE7, STM32MP135DAF7, STM32MP135DAG7, STM32MP135F-DK, STM32MP135FAE7, STM32MP135FAF7, STM32MP135FAF7T, STM32MP135FAF7U, STM32MP135FAG7, STM32U535CBT6, STM32U535CBT6Q, STM32U535CBU6, STM32U535CBU6Q, STM32U535CCT6, STM32U535CCT6Q, STM32U535CCU6, STM32U535CCU6Q, STM32U535CET6, STM32U535CET6Q, STM32U535CEU6, STM32U535CEU6Q, STM32U535JEY6QTR, STM32U535NCY6QTR, STM32U535NEY6QTR, STM32U535RBI6, STM32U535RBI6Q, STM32U535RBT6, STM32U535RBT6Q, STM32U535RCI6, STM32U535RCI6Q, STM32U535RCT6, STM32U535RCT6Q, STM32U535REI6, STM32U535REI6Q, STM32U535RET6, STM32U535RET6Q, STM32U535VCI6, STM32U535VCI6Q, STM32U535VCT6, STM32U535VCT6Q, STM32U535VEI6, STM32U535VEI6Q, STM32U535VET6, STM32U535VET6Q, STM32U545CET6, STM32U545CET6Q, STM32U545CEU6, STM32U545CEU6Q, STM32U545JEY6QTR, STM32U545NEY6QTR, STM32U545REI6, STM32U545REI6Q, STM32U545RET6, STM32U545RET6Q, STM32U545VEI6, STM32U545VEI6Q, STM32U545VET6, STM32U545VET6Q, STM32U595AIH6, STM32U595AIH6Q, STM32U595AJH6, STM32U595AJH6Q, STM32U595QII6, STM32U595QII6Q, STM32U595QJI6, STM32U595QJI6Q, STM32U595RIT6, STM32U595RIT6Q, STM32U595RJT6, STM32U595RJT6Q, STM32U595VIT6, STM32U595VIT6Q, STM32U595VJT6, STM32U595VJT6Q, STM32U595ZIT6, STM32U595ZIT6Q, STM32U595ZIY6QTR, STM32U595ZJT6, STM32U595ZJT6Q, STM32U595ZJY6QTR, STM32U599BJY6QTR, STM32U599NIH6Q, STM32U599NJH6Q, STM32U599VIT6Q, STM32U599VJT6, STM32U599VJT6Q, STM32U599ZIT6Q, STM32U599ZIY6QTR, STM32U599ZJT6Q, STM32U599ZJY6QTR, STM32U5A5AJH6, STM32U5A5AJH6Q, STM32U5A5QJI6, STM32U5A5QJI6Q, STM32U5A5RJT6, STM32U5A5RJT6Q, STM32U5A5VJT6, STM32U5A5VJT6Q, STM32U5A5ZJT6, STM32U5A5ZJT6Q, STM32U5A5ZJY6QTR, STM32U5A9BJY6QTR, STM32U5A9J-DK, STM32U5A9NJH6Q, STM32U5A9VJT6Q, STM32U5A9ZJT6Q, STM32U5A9ZJY6QTR, STM32U5F7VIT6, STM32U5F7VIT6Q, STM32U5F7VJT6, STM32U5F7VJT6Q, STM32U5F9BJY6QTR, STM32U5F9NJH6Q, STM32U5F9VIT6Q, STM32U5F9VJT6Q, STM32U5F9ZIJ6QTR, STM32U5F9ZIT6Q, STM32U5F9ZJJ6QTR, STM32U5F9ZJT6Q, STM32U5G7VJT6, STM32U5G7VJT6Q, STM32U5G9BJY6QTR, STM32U5G9J-DK1, STM32U5G9J-DK2, STM32U5G9NJH6Q, STM32U5G9VJT6Q, STM32U5G9ZJJ6QTR, STM32U5G9ZJT6Q, STM32WB1MMCH6, STM32WBA50KEU6, STM32WBA50KEU6TR, STM32WBA50KGU6, STM32WBA50KGU6TR, STM32WBA52CEU6, STM32WBA52CEU6TR, STM32WBA52CEU7, STM32WBA52CEU7TR, STM32WBA52CGU6, STM32WBA52CGU6TR, STM32WBA52CGU6U, STM32WBA52CGU7, STM32WBA52CGU7TR, STM32WBA52KEU6, STM32WBA52KEU6TR, STM32WBA52KGU6, STM32WBA52KGU6TR, STM32WBA54CEU6, STM32WBA54CEU6TR, STM32WBA54CEU7, STM32WBA54CEU7TR, STM32WBA54CGU6, STM32WBA54CGU6TR, STM32WBA54CGU7, STM32WBA54CGU7TR, STM32WBA54KEU6, STM32WBA54KEU6TR, STM32WBA54KEU7, STM32WBA54KEU7TR, STM32WBA54KGU6, STM32WBA54KGU6TR, STM32WBA54KGU7, STM32WBA54KGU7TR, STM32WBA55CEU6, STM32WBA55CEU6TR, STM32WBA55CEU7, STM32WBA55CEU7TR, STM32WBA55CGU6, STM32WBA55CGU6TR, STM32WBA55CGU6U, STM32WBA55CGU7, STM32WBA55CGU7TR, STM32WBA55G-DK1, STM32WBA55HEF6, STM32WBA55HEF7, STM32WBA55HGF6, STM32WBA55HGF7, STM32WBA55UEI6, STM32WBA55UEI6TR, STM32WBA55UEI7, STM32WBA55UEI7TR, STM32WBA55UGI6, STM32WBA55UGI6TR, STM32WBA55UGI7, STM32WBA55UGI7TR, STM32WL5MOCH6, STM32WL5MOCH6TR]
2024-05-25 09:19:48,203 [INFO] DbMcus:218 - Found 4092 MCUs, 4092 are supported
2024-05-25 09:19:48,204 [INFO] ApiDb:423 - Load user favorites file C:\Users\YUAN/.stm32cubeide/favorites.mcus.txt: 3 item(s)
2024-05-25 09:19:48,204 [INFO] ApiDb:427 - User favorites MCUs=[STM32F103C8T6, STM32F103ZET6, STM32F407ZGT6]
2024-05-25 09:19:48,204 [INFO] DbMcus:224 - Set 3 / 3 favorites MCUs
2024-05-25 09:19:48,557 [INFO] MicroXplorer:468 - Change Database Path : 
2024-05-25 09:19:48,557 [INFO] MicroXplorer:498 - Change Database Version : DB.6.0.100
2024-05-25 09:19:48,557 [WARN] ThirdParty:833 - waiting for thirdparty lock release [change project]
2024-05-25 09:19:48,557 [INFO] ThirdParty:835 - entering critical section [change project]
2024-05-25 09:19:48,557 [INFO] ThirdParty:1030 - CMSIS Pack Vendor :STMicroelectronics USBPD 4.1
2024-05-25 09:19:48,557 [INFO] ThirdParty:1030 - CMSIS Pack Vendor :STMicroelectronics X-CUBE-GNSS1 6.0.0
2024-05-25 09:19:48,557 [INFO] ThirdParty:1030 - CMSIS Pack Vendor :STMicroelectronics USB_HOST 2.0.0
2024-05-25 09:19:48,557 [INFO] ThirdParty:1030 - CMSIS Pack Vendor :STMicroelectronics FP-SNS-MOTENVWB1 1.4.0
2024-05-25 09:19:48,557 [INFO] ThirdParty:1030 - CMSIS Pack Vendor :STMicroelectronics X-CUBE-AZRTOS-F4 1.1.0
2024-05-25 09:19:48,557 [INFO] ThirdParty:1030 - CMSIS Pack Vendor :STMicroelectronics LIBJPEG 8.0.0
2024-05-25 09:19:48,557 [INFO] ThirdParty:1030 - CMSIS Pack Vendor :STMicroelectronics X-CUBE-SMBUS 2.1.0
2024-05-25 09:19:48,557 [INFO] ThirdParty:1030 - CMSIS Pack Vendor :STMicroelectronics USB_DEVICE 3.0.0
2024-05-25 09:19:48,557 [INFO] ThirdParty:1030 - CMSIS Pack Vendor :STMicroelectronics X-CUBE-TCPP 4.1.0
2024-05-25 09:19:48,557 [INFO] ThirdParty:1030 - CMSIS Pack Vendor :STMicroelectronics X-CUBE-FREERTOS 1.2.0
2024-05-25 09:19:48,557 [INFO] ThirdParty:1030 - CMSIS Pack Vendor :STMicroelectronics X-CUBE-AZRTOS-WB 2.0.0
2024-05-25 09:19:48,557 [INFO] ThirdParty:1030 - CMSIS Pack Vendor :wolfSSL I-CUBE-wolfSSL 5.6.6
2024-05-25 09:19:48,557 [INFO] ThirdParty:1030 - CMSIS Pack Vendor :STMicroelectronics X-CUBE-TOUCHGFX 4.23.1
2024-05-25 09:19:48,557 [INFO] ThirdParty:1030 - CMSIS Pack Vendor :STMicroelectronics X-CUBE-TOUCHGFX 4.23.0
2024-05-25 09:19:48,558 [INFO] ThirdParty:1030 - CMSIS Pack Vendor :STMicroelectronics X-CUBE-TOUCHGFX 4.23.2
2024-05-25 09:19:48,558 [INFO] ThirdParty:1030 - CMSIS Pack Vendor :STMicroelectronics X-CUBE-AZRTOS-F7 1.1.0
2024-05-25 09:19:48,558 [INFO] ThirdParty:1030 - CMSIS Pack Vendor :STMicroelectronics X-CUBE-AZRTOS-L5 2.0.0
2024-05-25 09:19:48,558 [INFO] ThirdParty:1030 - CMSIS Pack Vendor :STMicroelectronics USB_DEVICE 2.0.0
2024-05-25 09:19:48,558 [INFO] ThirdParty:1030 - CMSIS Pack Vendor :STMicroelectronics X-CUBE-NFC6 3.1.0
2024-05-25 09:19:48,558 [INFO] ThirdParty:1030 - CMSIS Pack Vendor :ITTIA_DB I-CUBE-ITTIADB 8.8.0
2024-05-25 09:19:48,558 [INFO] ThirdParty:1030 - CMSIS Pack Vendor :STMicroelectronics FP-SNS-MOTENV1 4.3.2
2024-05-25 09:19:48,558 [INFO] ThirdParty:1030 - CMSIS Pack Vendor :STMicroelectronics X-CUBE-ALGOBUILD 1.3.0
2024-05-25 09:19:48,558 [INFO] ThirdParty:1030 - CMSIS Pack Vendor :STMicroelectronics FreeRTOS 0.0.1
2024-05-25 09:19:48,558 [INFO] ThirdParty:1030 - CMSIS Pack Vendor :STMicroelectronics X-CUBE-AZRTOS-G0 1.1.0
2024-05-25 09:19:48,558 [INFO] ThirdParty:1030 - CMSIS Pack Vendor :STMicroelectronics X-CUBE-SAFEA1 1.2.2
2024-05-25 09:19:48,558 [INFO] ThirdParty:1030 - CMSIS Pack Vendor :STMicroelectronics X-CUBE-NFC4 3.0.0
2024-05-25 09:19:48,558 [INFO] ThirdParty:1030 - CMSIS Pack Vendor :STMicroelectronics X-CUBE-SUBG2 5.0.0
2024-05-25 09:19:48,558 [INFO] ThirdParty:1030 - CMSIS Pack Vendor :STMicroelectronics STM32_WPAN 1.0.0
2024-05-25 09:19:48,558 [INFO] ThirdParty:1030 - CMSIS Pack Vendor :STMicroelectronics lwIP 2.0.3
2024-05-25 09:19:48,558 [INFO] ThirdParty:1030 - CMSIS Pack Vendor :STMicroelectronics FP-SNS-FLIGHT1 5.0.2
2024-05-25 09:19:48,558 [INFO] ThirdParty:1030 - CMSIS Pack Vendor :STMicroelectronics USB_HOST 1.0.0
2024-05-25 09:19:48,558 [INFO] ThirdParty:1030 - CMSIS Pack Vendor :STMicroelectronics X-CUBE-AI 9.0.0
2024-05-25 09:19:48,558 [INFO] ThirdParty:1030 - CMSIS Pack Vendor :STMicroelectronics X-CUBE-AZRTOS-G4 2.0.0
2024-05-25 09:19:48,558 [INFO] ThirdParty:1030 - CMSIS Pack Vendor :STMicroelectronics PDM2PCM 3.1.0
2024-05-25 09:19:48,558 [INFO] ThirdParty:1030 - CMSIS Pack Vendor :Infineon AIROC-Wi-Fi-Bluetooth-STM32 1.5.1
2024-05-25 09:19:48,558 [INFO] ThirdParty:1030 - CMSIS Pack Vendor :STMicroelectronics X-CUBE-BLEMGR 3.0.0
2024-05-25 09:19:48,558 [INFO] ThirdParty:1030 - CMSIS Pack Vendor :STMicroelectronics PDM2PCM 3.3.0
2024-05-25 09:19:48,558 [INFO] ThirdParty:1030 - CMSIS Pack Vendor :STMicroelectronics X-CUBE-DISPLAY 3.0.0
2024-05-25 09:19:48,558 [INFO] ThirdParty:1030 - CMSIS Pack Vendor :wolfSSL I-CUBE-wolfSSL 5.7.0
2024-05-25 09:19:48,558 [INFO] ThirdParty:1030 - CMSIS Pack Vendor :STMicroelectronics FP-SNS-MOTENVWB1 1.3.1
2024-05-25 09:19:48,558 [INFO] ThirdParty:1030 - CMSIS Pack Vendor :STMicroelectronics X-CUBE-BLE1 7.0.0
2024-05-25 09:19:48,559 [INFO] ThirdParty:1030 - CMSIS Pack Vendor :STMicroelectronics FP-ATR-SIGFOX1 3.2.0
2024-05-25 09:19:48,559 [INFO] ThirdParty:1030 - CMSIS Pack Vendor :STMicroelectronics X-CUBE-ISPU 2.0.0
2024-05-25 09:19:48,559 [INFO] ThirdParty:1030 - CMSIS Pack Vendor :STMicroelectronics X-CUBE-EEPRMA1 5.1.0
2024-05-25 09:19:48,559 [INFO] ThirdParty:1030 - CMSIS Pack Vendor :STMicroelectronics HAL Drivers 0.0.0
2024-05-25 09:19:48,559 [INFO] ThirdParty:1030 - CMSIS Pack Vendor :STMicroelectronics MBEDTLS 2.16.2
2024-05-25 09:19:48,559 [INFO] ThirdParty:1030 - CMSIS Pack Vendor :STMicroelectronics X-CUBE-ALS 1.0.2
2024-05-25 09:19:48,559 [INFO] ThirdParty:1030 - CMSIS Pack Vendor :emotas I-CUBE-CANOPEN 1.3.0
2024-05-25 09:19:48,559 [INFO] ThirdParty:1030 - CMSIS Pack Vendor :STMicroelectronics X-CUBE-MEMS1 10.0.0
2024-05-25 09:19:48,559 [INFO] ThirdParty:1030 - CMSIS Pack Vendor :STMicroelectronics X-CUBE-FREERTOS 1.1.0
2024-05-25 09:19:48,559 [INFO] ThirdParty:1030 - CMSIS Pack Vendor :STMicroelectronics X-CUBE-NFC7 1.0.1
2024-05-25 09:19:48,559 [INFO] ThirdParty:1030 - CMSIS Pack Vendor :STMicroelectronics MBEDTLS 2.14.1
2024-05-25 09:19:48,559 [INFO] ThirdParty:1030 - CMSIS Pack Vendor :ITTIA_DB I-CUBE-ITTIADB 8.9.0
2024-05-25 09:19:48,559 [INFO] ThirdParty:1030 - CMSIS Pack Vendor :STMicroelectronics X-CUBE-NFC6 3.0.0
2024-05-25 09:19:48,559 [INFO] ThirdParty:1030 - CMSIS Pack Vendor :portGmbH I-Cube-SoM-uGOAL 1.1.0
2024-05-25 09:19:48,559 [INFO] ThirdParty:1030 - CMSIS Pack Vendor :STMicroelectronics X-CUBE-ALS 1.0.1
2024-05-25 09:19:48,559 [INFO] ThirdParty:1030 - CMSIS Pack Vendor :STMicroelectronics X-CUBE-BLEMGR 3.1.0
2024-05-25 09:19:48,559 [INFO] ThirdParty:1030 - CMSIS Pack Vendor :STMicroelectronics ThreadX 1.0.0
2024-05-25 09:19:48,559 [INFO] ThirdParty:1030 - CMSIS Pack Vendor :STMicroelectronics FP-SNS-SMARTAG2 1.2.0
2024-05-25 09:19:48,559 [INFO] ThirdParty:1030 - CMSIS Pack Vendor :STMicroelectronics X-CUBE-AZRTOS-WL 2.0.0
2024-05-25 09:19:48,559 [INFO] ThirdParty:1030 - CMSIS Pack Vendor :SEGGER I-CUBE-embOS 1.3.1
2024-05-25 09:19:48,559 [INFO] ThirdParty:1030 - CMSIS Pack Vendor :STMicroelectronics X-CUBE-ALGOBUILD 1.4.0
2024-05-25 09:19:48,559 [INFO] ThirdParty:1030 - CMSIS Pack Vendor :STMicroelectronics FP-SNS-MOTENV1 5.0.0
2024-05-25 09:19:48,559 [INFO] ThirdParty:1030 - CMSIS Pack Vendor :STMicroelectronics USB_DEVICE 1.0.0
2024-05-25 09:19:48,559 [INFO] ThirdParty:1030 - CMSIS Pack Vendor :STMicroelectronics X-CUBE-AI 8.1.0
2024-05-25 09:19:48,559 [INFO] ThirdParty:1030 - CMSIS Pack Vendor :STMicroelectronics X-CUBE-AZRTOS-H7RS 1.0.0
2024-05-25 09:19:48,559 [INFO] ThirdParty:1030 - CMSIS Pack Vendor :STMicroelectronics X-CUBE-AZRTOS-L4 2.0.0
2024-05-25 09:19:48,559 [INFO] ThirdParty:1030 - CMSIS Pack Vendor :STMicroelectronics ThreadX 0.0.2
2024-05-25 09:19:48,559 [INFO] ThirdParty:1030 - CMSIS Pack Vendor :STMicroelectronics FP-ATR-ASTRA1 2.0.0
2024-05-25 09:19:48,559 [INFO] ThirdParty:1030 - CMSIS Pack Vendor :STMicroelectronics lwIP 2.1.2
2024-05-25 09:19:48,560 [INFO] ThirdParty:1030 - CMSIS Pack Vendor :STMicroelectronics X-CUBE-SFXS2LP1 4.0.0
2024-05-25 09:19:48,560 [INFO] ThirdParty:1030 - CMSIS Pack Vendor :STMicroelectronics X-CUBE-BLE2 3.3.0
2024-05-25 09:19:48,560 [INFO] ThirdParty:1030 - CMSIS Pack Vendor :STMicroelectronics X-CUBE-TOF1 3.4.0
2024-05-25 09:19:48,560 [INFO] ThirdParty:1030 - CMSIS Pack Vendor :STMicroelectronics X-CUBE-TOF1 3.4.1
2024-05-25 09:19:48,560 [INFO] ThirdParty:1030 - CMSIS Pack Vendor :STMicroelectronics X-CUBE-AZRTOS-H7 3.2.0
2024-05-25 09:19:48,560 [INFO] ThirdParty:1030 - CMSIS Pack Vendor :STMicroelectronics PDM2PCM 3.2.0
2024-05-25 09:19:48,560 [INFO] ThirdParty:841 - exiting critical section [change project]
2024-05-25 09:19:48,921 [INFO] PinOutPanel:1499 - setPackage(No Configuration,No Configuration)
2024-05-25 09:19:48,922 [INFO] PinOutPanel:1499 - setPackage(STM32F407ZGTx,LQFP144)
2024-05-25 09:19:49,386 [INFO] UtilMem:75 - Before build in PCC Used Memory: 811079528 Bytes (1073741824)
2024-05-25 09:19:50,402 [INFO] UtilMem:75 - After build in PCC Used Memory: 875042664 Bytes (1073741824)
2024-05-25 09:19:50,553 [INFO] ApiDbMcu:508 - Load IP Config File for FATFS
2024-05-25 09:19:50,584 [INFO] IPUIPlugin:80 - create IPUIPlugin
2024-05-25 09:19:50,584 [INFO] IPUIPlugin:80 - create IPUIPlugin
2024-05-25 09:19:50,584 [INFO] IPUIPlugin:80 - create IPUIPlugin
2024-05-25 09:19:50,584 [INFO] IPUIPlugin:80 - create IPUIPlugin
2024-05-25 09:19:50,584 [INFO] IPUIPlugin:80 - create IPUIPlugin
2024-05-25 09:19:50,584 [INFO] IPUIPlugin:80 - create IPUIPlugin
2024-05-25 09:19:50,584 [INFO] IPUIPlugin:80 - create IPUIPlugin
2024-05-25 09:19:50,585 [INFO] IPUIPlugin:80 - create IPUIPlugin
2024-05-25 09:19:50,585 [INFO] IPUIPlugin:80 - create IPUIPlugin
2024-05-25 09:19:50,585 [INFO] IPUIPlugin:80 - create IPUIPlugin
2024-05-25 09:19:50,585 [INFO] IPUIPlugin:80 - create IPUIPlugin
2024-05-25 09:19:50,585 [INFO] IPUIPlugin:80 - create IPUIPlugin
2024-05-25 09:19:50,585 [INFO] IPUIPlugin:80 - create IPUIPlugin
2024-05-25 09:19:50,585 [INFO] IPUIPlugin:80 - create IPUIPlugin
2024-05-25 09:19:50,585 [INFO] IPUIPlugin:80 - create IPUIPlugin
2024-05-25 09:19:50,585 [INFO] IPUIPlugin:80 - create IPUIPlugin
2024-05-25 09:19:50,585 [INFO] IPUIPlugin:80 - create IPUIPlugin
2024-05-25 09:19:50,585 [INFO] IPUIPlugin:80 - create IPUIPlugin
2024-05-25 09:19:50,586 [INFO] IPUIPlugin:80 - create IPUIPlugin
2024-05-25 09:19:50,586 [INFO] IPUIPlugin:80 - create IPUIPlugin
2024-05-25 09:19:50,586 [INFO] IPUIPlugin:80 - create IPUIPlugin
2024-05-25 09:19:50,586 [INFO] IPUIPlugin:80 - create IPUIPlugin
2024-05-25 09:19:50,586 [INFO] IPUIPlugin:80 - create IPUIPlugin
2024-05-25 09:19:50,586 [INFO] IPUIPlugin:80 - create IPUIPlugin
2024-05-25 09:19:50,586 [INFO] IPUIPlugin:80 - create IPUIPlugin
2024-05-25 09:19:50,587 [INFO] IPUIPlugin:80 - create IPUIPlugin
2024-05-25 09:19:50,587 [INFO] IPUIPlugin:80 - create IPUIPlugin
2024-05-25 09:19:50,597 [INFO] IPUIPlugin:80 - create IPUIPlugin
2024-05-25 09:19:50,598 [INFO] IPUIPlugin:80 - create IPUIPlugin
2024-05-25 09:19:50,598 [INFO] IPUIPlugin:80 - create IPUIPlugin
2024-05-25 09:19:50,598 [INFO] IPUIPlugin:80 - create IPUIPlugin
2024-05-25 09:19:50,598 [INFO] IPUIPlugin:80 - create IPUIPlugin
2024-05-25 09:19:50,599 [INFO] IPUIPlugin:80 - create IPUIPlugin
2024-05-25 09:19:50,599 [INFO] IPUIPlugin:80 - create IPUIPlugin
2024-05-25 09:19:50,599 [INFO] IPUIPlugin:80 - create IPUIPlugin
2024-05-25 09:19:50,599 [INFO] IPUIPlugin:80 - create IPUIPlugin
2024-05-25 09:19:50,599 [INFO] IPUIPlugin:80 - create IPUIPlugin
2024-05-25 09:19:50,600 [INFO] IPUIPlugin:80 - create IPUIPlugin
2024-05-25 09:19:50,600 [INFO] IPUIPlugin:80 - create IPUIPlugin
2024-05-25 09:19:50,600 [INFO] IPUIPlugin:80 - create IPUIPlugin
2024-05-25 09:19:50,600 [INFO] IPUIPlugin:80 - create IPUIPlugin
2024-05-25 09:19:50,600 [INFO] IPUIPlugin:80 - create IPUIPlugin
2024-05-25 09:19:50,600 [INFO] IPUIPlugin:80 - create IPUIPlugin
2024-05-25 09:19:50,601 [INFO] IPUIPlugin:80 - create IPUIPlugin
2024-05-25 09:19:50,601 [INFO] IPUIPlugin:80 - create IPUIPlugin
2024-05-25 09:19:50,601 [INFO] IPUIPlugin:80 - create IPUIPlugin
2024-05-25 09:19:50,601 [INFO] IPUIPlugin:80 - create IPUIPlugin
2024-05-25 09:19:50,601 [INFO] IPUIPlugin:80 - create IPUIPlugin
2024-05-25 09:19:50,602 [INFO] IPUIPlugin:80 - create IPUIPlugin
2024-05-25 09:19:50,602 [INFO] IPUIPlugin:80 - create IPUIPlugin
2024-05-25 09:19:50,602 [INFO] IPUIPlugin:80 - create IPUIPlugin
2024-05-25 09:19:50,602 [INFO] IPUIPlugin:80 - create IPUIPlugin
2024-05-25 09:19:50,602 [INFO] IPUIPlugin:80 - create IPUIPlugin
2024-05-25 09:19:50,603 [INFO] IPUIPlugin:80 - create IPUIPlugin
2024-05-25 09:19:50,603 [INFO] IPUIPlugin:80 - create IPUIPlugin
2024-05-25 09:19:50,604 [INFO] IPUIPlugin:80 - create IPUIPlugin
2024-05-25 09:19:50,605 [INFO] IPUIPlugin:80 - create IPUIPlugin
2024-05-25 09:19:50,605 [INFO] IPUIPlugin:80 - create IPUIPlugin
2024-05-25 09:19:50,653 [INFO] ApiDbMcu:508 - Load IP Config File for PDM2PCM
2024-05-25 09:19:50,920 [INFO] CADModel:165 - CPN selected for project levelSTM32F407ZGT6
2024-05-25 09:19:50,921 [INFO] CADModel:114 - Register for checkConnection events
2024-05-25 09:19:50,975 [INFO] OpenFileManager:343 - Restore cursor
2024-05-25 09:50:50,195 [INFO] MainUpdater:2873 - connection check result : 10
2024-05-25 09:50:50,196 [INFO] McuFinderGlobals:76 - Set McuFinderConnectedMode to true
2024-05-25 09:50:50,449 [INFO] ServerAccessManage:473 - Download File mcusAds.json._tmp_
2024-05-25 09:50:50,573 [INFO] LoadUrlFilesThread:156 - End of LoadUrlFiles Thread
2024-05-25 09:50:50,872 [INFO] ServerAccessManage:473 - Download File cube-finder-db.zip
2024-05-25 09:50:51,894 [INFO] FileExtend:240 - Unzip File : cube-finder-db.zip
2024-05-25 09:50:51,894 [INFO] FileExtend:255 - Standard Zip Deflate
2024-05-25 09:50:52,771 [INFO] LoadUrlFilesThread:156 - End of LoadUrlFiles Thread
2024-05-25 09:50:53,869 [INFO] ServerAccessManage:473 - Download File crdb.zip
2024-05-25 09:50:55,479 [INFO] FileExtend:240 - Unzip File : crdb.zip
2024-05-25 09:50:55,480 [INFO] FileExtend:255 - Standard Zip Deflate
2024-05-25 09:50:55,597 [INFO] LoadUrlFilesThread:156 - End of LoadUrlFiles Thread
2024-05-25 09:50:55,620 [INFO] ServerAccessManage:473 - Download File tutoVideoDB.zip
2024-05-25 09:50:55,627 [INFO] FileExtend:240 - Unzip File : tutoVideoDB.zip
2024-05-25 09:50:55,627 [INFO] FileExtend:255 - Standard Zip Deflate
2024-05-25 09:50:55,733 [INFO] LoadUrlFilesThread:156 - End of LoadUrlFiles Thread
2024-05-25 09:50:55,734 [WARN] DbFile:41 - Overriding database path with different value: C:\Users\YUAN\.stmcufinder\plugins\mcufinder/ => C:\Users\YUAN\.stmcufinder\plugins\mcufinder
2024-05-25 09:50:55,755 [INFO] ServerAccessManage:473 - Download File api_config.json
2024-05-25 09:50:55,862 [INFO] LoadUrlFilesThread:156 - End of LoadUrlFiles Thread
2024-05-25 09:50:55,863 [INFO] DbMcusAds:53 - JSON generation date=Thu May 16 17:22:00 CST 2024 (1715851320852)
2024-05-25 09:50:55,867 [INFO] ApiDb:448 - Save user favorites file C:\Users\YUAN/.stm32cubeide/favorites.mcus.txt: 3 item(s)
2024-05-25 09:50:55,868 [INFO] ApiDb:452 - User favorites MCUs=[STM32F103C8T6, STM32F103ZET6, STM32F407ZGT6]
2024-05-25 09:50:55,869 [INFO] ApiDb:581 - Connected to CubeFinder SQLite database (C:\Users\YUAN\.stmcufinder\plugins\mcufinder\mcu\cube-finder-db.db)
2024-05-25 09:50:55,926 [INFO] ApiDb:668 - CubeFinder database Data Model version=2.1
2024-05-25 09:50:55,926 [INFO] ApiDb:669 - CubeFinder database Configuration version=3.0.39
2024-05-25 09:50:55,926 [INFO] ApiDb:670 - CubeFinder database generation date=2024-04-15 (1713193726)
2024-05-25 09:50:55,926 [INFO] ApiDb:671 - CubeFinder database FW Pack versions=[FP-ATR-ASTRA1_V2.0.0, FP-SNS-FLIGHT1_V5.0.1, FP-SNS-FLIGHT1_V5.0.2, FP-SNS-MOTENV1_V4.3.1, FP-SNS-MOTENV1_V4.3.2, FP-SNS-MOTENVWB1_V1.3.1, FP-SNS-SMARTAG2_V1.2.0, STM32Cube_FW_C0_V1.1.0, STM32Cube_FW_F4_V1.28.0, STM32Cube_FW_F7_V1.17.0, STM32Cube_FW_G0_V1.6.2, STM32Cube_FW_G4_V1.5.2, STM32Cube_FW_H5_V0.5.1, STM32Cube_FW_H5_V1.1.1, STM32Cube_FW_H5_V1.2.0, STM32Cube_FW_H5_V1.2.0RC4, STM32Cube_FW_H7RS_V1.0.0, STM32Cube_FW_H7RS_V1.0.0RC4, STM32Cube_FW_H7_V1.11.0, STM32Cube_FW_L0_V1.12.2, STM32Cube_FW_L5_V1.5.1, STM32Cube_FW_U0_V1.0.0, STM32Cube_FW_U0_V1.0.0RC1, STM32Cube_FW_U5_V1.3.0RC4, STM32Cube_FW_U5_V1.5.0, STM32Cube_FW_U5_V1.5.0RC1, STM32Cube_FW_WBA_V1.0.0RC1, STM32Cube_FW_WBA_V1.2.0, STM32Cube_FW_WBA_V1.2.0RC2, STM32Cube_FW_WBA_V1.3.0, STM32Cube_FW_WBA_V1.3.0RC1, STM32Cube_FW_WB_V1.15.0RC1, STM32Cube_FW_WB_V1.16.0, STM32Cube_FW_WB_V1.16.0RC2, STM32Cube_FW_WB_V1.18.0, STM32Cube_FW_WB_V1.19.0, STM32Cube_FW_WL_V1.3.0, X-CUBE-ALGOBUILD_V1.3.0, X-CUBE-ALS_V1.0.1, X-CUBE-AZRTOS-F4_V1.1.0, X-CUBE-AZRTOS-F7_V1.1.0, X-CUBE-AZRTOS-G0_V1.1.0, X-CUBE-AZRTOS-G4_V2.0.0, X-CUBE-AZRTOS-H7_V3.2.0, X-CUBE-AZRTOS-L4_V1.0.0, X-CUBE-AZRTOS-L4_V2.0.0, X-CUBE-AZRTOS-L5_V1.1.0, X-CUBE-AZRTOS-WB_V2.0.0, X-CUBE-AZRTOS-WL_V2.0.0, X-CUBE-BLE1_V7.0.0, X-CUBE-BLE2_V3.3.0, X-CUBE-BLEMGR_V3.1.0, X-CUBE-EEPRMA1_V4.1.0, X-CUBE-EEPRMA1_V5.1.0, X-CUBE-FREERTOS_V1.1.0, X-CUBE-GNSS1_V6.0.0, X-CUBE-MEMS1_V10.0.0, X-CUBE-MEMS1_V9.1.0, X-CUBE-MEMS1_V9.4.0, X-CUBE-MEMS1_V9.6.0, X-CUBE-NFC4_V3.0.0, X-CUBE-NFC7_V1.0.1, X-CUBE-SFXS2LP1_V4.0.0, X-CUBE-SUBG2_V5.0.0, X-CUBE-TOF1_V3.4.0]
2024-05-25 09:50:57,522 [INFO] ApiDb:240 - Found 371 in-development CPN: [B-G473E-ZEST1S, B-WB1M-WPAN1, B-WL5M-SUBG1, NUCLEO-C031C6, NUCLEO-H503RB, NUCLEO-H563ZI, NUCLEO-U545RE-Q, NUCLEO-U5A5ZJ-Q, NUCLEO-WBA52CG, NUCLEO-WBA55CG, STEVAL-MKBOXPRO, STEVAL-PROTEUS1, STEVAL-STWINBX1, STM320518-EVAL, STM32C0116-DK, STM32C011D6Y3TR, STM32C011D6Y6TR, STM32C011F4P3, STM32C011F4P6, STM32C011F4U3, STM32C011F4U6TR, STM32C011F6P3, STM32C011F6P6, STM32C011F6U3, STM32C011F6U6TR, STM32C011J4M3, STM32C011J4M6, STM32C011J6M3, STM32C011J6M6, STM32C0316-DK, STM32C031C4T3, STM32C031C4T6, STM32C031C4U3, STM32C031C4U6, STM32C031C6T3, STM32C031C6T6, STM32C031C6U3, STM32C031C6U6, STM32C031F4P3, STM32C031F4P6, STM32C031F6P3, STM32C031F6P6, STM32C031G4U3, STM32C031G4U6, STM32C031G6U3, STM32C031G6U6, STM32C031K4T3, STM32C031K4T6, STM32C031K4U3, STM32C031K4U6, STM32C031K6T3, STM32C031K6T6, STM32C031K6U3, STM32C031K6U6, STM32G071K8TXN, STM32G071K8UXN, STM32G081GBU6N, STM32G081KBT6N, STM32G081KBUXN, STM32G0B1CCT6N, STM32G0B1KCT6, STM32G0B1NEY6TR, STM32G0B1RCT6N, STM32G0C1CCT6, STM32G0C1CCT6N, STM32G0C1CCU6N, STM32G0C1CET6N, STM32G0C1CEU6N, STM32G0C1KCT6, STM32G0C1NEY6TR, STM32G0C1RCI6N, STM32G0C1RCT6N, STM32G0C1REI6N, STM32G0C1RET6N, STM32G0C1VCI6, STM32G0C1VEI6, STM32G471CCT6, STM32G471CCU6, STM32G471CET3, STM32G471CET6, STM32G471CEU3, STM32G471CEU6, STM32G471MCT6, STM32G471MET3, STM32G471MET6, STM32G471MEY6TR, STM32G471QCT6, STM32G471QET3, STM32G471RCT6, STM32G471RET3, STM32G471RET6, STM32G471VCH6, STM32G471VCI6, STM32G471VCT6, STM32G471VEH3, STM32G471VEH6, STM32G471VEI3, STM32G471VEI6, STM32G471VET3, STM32G471VET6, STM32G474CCT6, STM32H503CBT6, STM32H503CBU6, STM32H503EBY6TR, STM32H503KBU6, STM32H503RBT6, STM32H562AGI6, STM32H562AII6, STM32H562IGK6, STM32H562IGT6, STM32H562IIK6, STM32H562IIT6, STM32H562RGT6, STM32H562RGV6, STM32H562RIT6, STM32H562RIV6, STM32H562VGT6, STM32H562VIT6, STM32H562ZGT6, STM32H562ZIT6, STM32H563AGI6, STM32H563AII3Q, STM32H563AII6, STM32H563IGK6, STM32H563IGT6, STM32H563IIK3Q, STM32H563IIK6, STM32H563IIT3Q, STM32H563IIT6, STM32H563MIY3QTR, STM32H563RGT6, STM32H563RGV6, STM32H563RIT6, STM32H563RIV6, STM32H563VGT6, STM32H563VIT3Q, STM32H563VIT6, STM32H563ZGT6, STM32H563ZIT3Q, STM32H563ZIT6, STM32H573AII3Q, STM32H573AII6, STM32H573I-DK, STM32H573IIK3Q, STM32H573IIK6, STM32H573IIT3Q, STM32H573IIT6, STM32H573MIY3QTR, STM32H573RIT6, STM32H573RIV6, STM32H573VIT3Q, STM32H573VIT6, STM32H573ZIT3Q, STM32H573ZIT6, STM32L4R5QGI6STR, STM32MP131AAE3, STM32MP131AAF3, STM32MP131AAG3, STM32MP131CAE3, STM32MP131CAF3, STM32MP131CAG3, STM32MP131DAE7, STM32MP131DAF7, STM32MP131DAG7, STM32MP131FAE7, STM32MP131FAF7, STM32MP131FAG7, STM32MP133AAE3, STM32MP133AAF3, STM32MP133AAG3, STM32MP133CAE3, STM32MP133CAF3, STM32MP133CAG3, STM32MP133DAE7, STM32MP133DAF7, STM32MP133DAG7, STM32MP133FAE7, STM32MP133FAF7, STM32MP133FAG7, STM32MP135AAE3, STM32MP135AAF3, STM32MP135AAG3, STM32MP135CAE3, STM32MP135CAF3, STM32MP135CAG3, STM32MP135DAE7, STM32MP135DAF7, STM32MP135DAG7, STM32MP135F-DK, STM32MP135FAE7, STM32MP135FAF7, STM32MP135FAF7T, STM32MP135FAF7U, STM32MP135FAG7, STM32U535CBT6, STM32U535CBT6Q, STM32U535CBU6, STM32U535CBU6Q, STM32U535CCT6, STM32U535CCT6Q, STM32U535CCU6, STM32U535CCU6Q, STM32U535CET6, STM32U535CET6Q, STM32U535CEU6, STM32U535CEU6Q, STM32U535JEY6QTR, STM32U535NCY6QTR, STM32U535NEY6QTR, STM32U535RBI6, STM32U535RBI6Q, STM32U535RBT6, STM32U535RBT6Q, STM32U535RCI6, STM32U535RCI6Q, STM32U535RCT6, STM32U535RCT6Q, STM32U535REI6, STM32U535REI6Q, STM32U535RET6, STM32U535RET6Q, STM32U535VCI6, STM32U535VCI6Q, STM32U535VCT6, STM32U535VCT6Q, STM32U535VEI6, STM32U535VEI6Q, STM32U535VET6, STM32U535VET6Q, STM32U545CET6, STM32U545CET6Q, STM32U545CEU6, STM32U545CEU6Q, STM32U545JEY6QTR, STM32U545NEY6QTR, STM32U545REI6, STM32U545REI6Q, STM32U545RET6, STM32U545RET6Q, STM32U545VEI6, STM32U545VEI6Q, STM32U545VET6, STM32U545VET6Q, STM32U595AIH6, STM32U595AIH6Q, STM32U595AJH6, STM32U595AJH6Q, STM32U595QII6, STM32U595QII6Q, STM32U595QJI6, STM32U595QJI6Q, STM32U595RIT6, STM32U595RIT6Q, STM32U595RJT6, STM32U595RJT6Q, STM32U595VIT6, STM32U595VIT6Q, STM32U595VJT6, STM32U595VJT6Q, STM32U595ZIT6, STM32U595ZIT6Q, STM32U595ZIY6QTR, STM32U595ZJT6, STM32U595ZJT6Q, STM32U595ZJY6QTR, STM32U599BJY6QTR, STM32U599NIH6Q, STM32U599NJH6Q, STM32U599VIT6Q, STM32U599VJT6, STM32U599VJT6Q, STM32U599ZIT6Q, STM32U599ZIY6QTR, STM32U599ZJT6Q, STM32U599ZJY6QTR, STM32U5A5AJH6, STM32U5A5AJH6Q, STM32U5A5QJI6, STM32U5A5QJI6Q, STM32U5A5RJT6, STM32U5A5RJT6Q, STM32U5A5VJT6, STM32U5A5VJT6Q, STM32U5A5ZJT6, STM32U5A5ZJT6Q, STM32U5A5ZJY6QTR, STM32U5A9BJY6QTR, STM32U5A9J-DK, STM32U5A9NJH6Q, STM32U5A9VJT6Q, STM32U5A9ZJT6Q, STM32U5A9ZJY6QTR, STM32U5F7VIT6, STM32U5F7VIT6Q, STM32U5F7VJT6, STM32U5F7VJT6Q, STM32U5F9BJY6QTR, STM32U5F9NJH6Q, STM32U5F9VIT6Q, STM32U5F9VJT6Q, STM32U5F9ZIJ6QTR, STM32U5F9ZIT6Q, STM32U5F9ZJJ6QTR, STM32U5F9ZJT6Q, STM32U5G7VJT6, STM32U5G7VJT6Q, STM32U5G9BJY6QTR, STM32U5G9J-DK1, STM32U5G9J-DK2, STM32U5G9NJH6Q, STM32U5G9VJT6Q, STM32U5G9ZJJ6QTR, STM32U5G9ZJT6Q, STM32WB1MMCH6, STM32WBA50KEU6, STM32WBA50KEU6TR, STM32WBA50KGU6, STM32WBA50KGU6TR, STM32WBA52CEU6, STM32WBA52CEU6TR, STM32WBA52CEU7, STM32WBA52CEU7TR, STM32WBA52CGU6, STM32WBA52CGU6TR, STM32WBA52CGU6U, STM32WBA52CGU7, STM32WBA52CGU7TR, STM32WBA52KEU6, STM32WBA52KEU6TR, STM32WBA52KGU6, STM32WBA52KGU6TR, STM32WBA54CEU6, STM32WBA54CEU6TR, STM32WBA54CEU7, STM32WBA54CEU7TR, STM32WBA54CGU6, STM32WBA54CGU6TR, STM32WBA54CGU7, STM32WBA54CGU7TR, STM32WBA54KEU6, STM32WBA54KEU6TR, STM32WBA54KEU7, STM32WBA54KEU7TR, STM32WBA54KGU6, STM32WBA54KGU6TR, STM32WBA54KGU7, STM32WBA54KGU7TR, STM32WBA55CEU6, STM32WBA55CEU6TR, STM32WBA55CEU7, STM32WBA55CEU7TR, STM32WBA55CGU6, STM32WBA55CGU6TR, STM32WBA55CGU6U, STM32WBA55CGU7, STM32WBA55CGU7TR, STM32WBA55G-DK1, STM32WBA55HEF6, STM32WBA55HEF7, STM32WBA55HGF6, STM32WBA55HGF7, STM32WBA55UEI6, STM32WBA55UEI6TR, STM32WBA55UEI7, STM32WBA55UEI7TR, STM32WBA55UGI6, STM32WBA55UGI6TR, STM32WBA55UGI7, STM32WBA55UGI7TR, STM32WL5MOCH6, STM32WL5MOCH6TR]
2024-05-25 09:50:57,524 [INFO] DbMcus:218 - Found 4092 MCUs, 4092 are supported
2024-05-25 09:50:57,524 [INFO] ApiDb:423 - Load user favorites file C:\Users\YUAN/.stm32cubeide/favorites.mcus.txt: 3 item(s)
2024-05-25 09:50:57,524 [INFO] ApiDb:427 - User favorites MCUs=[STM32F103C8T6, STM32F103ZET6, STM32F407ZGT6]
2024-05-25 09:50:57,524 [INFO] DbMcus:224 - Set 3 / 3 favorites MCUs
2024-05-25 09:50:57,827 [INFO] ServerAccessManage:473 - Download File 
2024-05-25 09:50:57,862 [INFO] LoadUrlFilesThread:185 - End of LoadServerUrlFiles without Thread
2024-05-25 09:50:57,862 [INFO] TargetSelectorAdapter:259 - Refresh data is successful
2024-05-25 09:50:57,864 [INFO] ApiDb:668 - CubeFinder database Data Model version=2.1
2024-05-25 09:50:57,864 [INFO] ApiDb:669 - CubeFinder database Configuration version=3.0.39
2024-05-25 09:50:57,864 [INFO] ApiDb:670 - CubeFinder database generation date=2024-04-15 (1713193726)
2024-05-25 09:50:57,864 [INFO] ApiDb:671 - CubeFinder database FW Pack versions=[FP-ATR-ASTRA1_V2.0.0, FP-SNS-FLIGHT1_V5.0.1, FP-SNS-FLIGHT1_V5.0.2, FP-SNS-MOTENV1_V4.3.1, FP-SNS-MOTENV1_V4.3.2, FP-SNS-MOTENVWB1_V1.3.1, FP-SNS-SMARTAG2_V1.2.0, STM32Cube_FW_C0_V1.1.0, STM32Cube_FW_F4_V1.28.0, STM32Cube_FW_F7_V1.17.0, STM32Cube_FW_G0_V1.6.2, STM32Cube_FW_G4_V1.5.2, STM32Cube_FW_H5_V0.5.1, STM32Cube_FW_H5_V1.1.1, STM32Cube_FW_H5_V1.2.0, STM32Cube_FW_H5_V1.2.0RC4, STM32Cube_FW_H7RS_V1.0.0, STM32Cube_FW_H7RS_V1.0.0RC4, STM32Cube_FW_H7_V1.11.0, STM32Cube_FW_L0_V1.12.2, STM32Cube_FW_L5_V1.5.1, STM32Cube_FW_U0_V1.0.0, STM32Cube_FW_U0_V1.0.0RC1, STM32Cube_FW_U5_V1.3.0RC4, STM32Cube_FW_U5_V1.5.0, STM32Cube_FW_U5_V1.5.0RC1, STM32Cube_FW_WBA_V1.0.0RC1, STM32Cube_FW_WBA_V1.2.0, STM32Cube_FW_WBA_V1.2.0RC2, STM32Cube_FW_WBA_V1.3.0, STM32Cube_FW_WBA_V1.3.0RC1, STM32Cube_FW_WB_V1.15.0RC1, STM32Cube_FW_WB_V1.16.0, STM32Cube_FW_WB_V1.16.0RC2, STM32Cube_FW_WB_V1.18.0, STM32Cube_FW_WB_V1.19.0, STM32Cube_FW_WL_V1.3.0, X-CUBE-ALGOBUILD_V1.3.0, X-CUBE-ALS_V1.0.1, X-CUBE-AZRTOS-F4_V1.1.0, X-CUBE-AZRTOS-F7_V1.1.0, X-CUBE-AZRTOS-G0_V1.1.0, X-CUBE-AZRTOS-G4_V2.0.0, X-CUBE-AZRTOS-H7_V3.2.0, X-CUBE-AZRTOS-L4_V1.0.0, X-CUBE-AZRTOS-L4_V2.0.0, X-CUBE-AZRTOS-L5_V1.1.0, X-CUBE-AZRTOS-WB_V2.0.0, X-CUBE-AZRTOS-WL_V2.0.0, X-CUBE-BLE1_V7.0.0, X-CUBE-BLE2_V3.3.0, X-CUBE-BLEMGR_V3.1.0, X-CUBE-EEPRMA1_V4.1.0, X-CUBE-EEPRMA1_V5.1.0, X-CUBE-FREERTOS_V1.1.0, X-CUBE-GNSS1_V6.0.0, X-CUBE-MEMS1_V10.0.0, X-CUBE-MEMS1_V9.1.0, X-CUBE-MEMS1_V9.4.0, X-CUBE-MEMS1_V9.6.0, X-CUBE-NFC4_V3.0.0, X-CUBE-NFC7_V1.0.1, X-CUBE-SFXS2LP1_V4.0.0, X-CUBE-SUBG2_V5.0.0, X-CUBE-TOF1_V3.4.0]
2024-05-25 09:50:57,912 [INFO] DbBoardsSqlite:226 - include board P-NUCLEO-WB55-NUCLEO as a kit item of type 'Nucleo-64'
2024-05-25 09:50:57,912 [INFO] DbBoardsSqlite:226 - include board P-NUCLEO-WB55-USBDONGLE as a kit item of type 'Nucleo USB Dongle'
2024-05-25 09:50:57,912 [INFO] DbBoardsSqlite:226 - include board STEVAL-IDP005V1 as a kit item of type 'Evaluation Board'
2024-05-25 09:50:57,912 [INFO] DbBoardsSqlite:226 - include board STEVAL-IDP005V2 as a kit item of type 'Evaluation Board'
2024-05-25 09:50:57,961 [INFO] ApiDb:240 - Found 371 in-development CPN: [B-G473E-ZEST1S, B-WB1M-WPAN1, B-WL5M-SUBG1, NUCLEO-C031C6, NUCLEO-H503RB, NUCLEO-H563ZI, NUCLEO-U545RE-Q, NUCLEO-U5A5ZJ-Q, NUCLEO-WBA52CG, NUCLEO-WBA55CG, STEVAL-MKBOXPRO, STEVAL-PROTEUS1, STEVAL-STWINBX1, STM320518-EVAL, STM32C0116-DK, STM32C011D6Y3TR, STM32C011D6Y6TR, STM32C011F4P3, STM32C011F4P6, STM32C011F4U3, STM32C011F4U6TR, STM32C011F6P3, STM32C011F6P6, STM32C011F6U3, STM32C011F6U6TR, STM32C011J4M3, STM32C011J4M6, STM32C011J6M3, STM32C011J6M6, STM32C0316-DK, STM32C031C4T3, STM32C031C4T6, STM32C031C4U3, STM32C031C4U6, STM32C031C6T3, STM32C031C6T6, STM32C031C6U3, STM32C031C6U6, STM32C031F4P3, STM32C031F4P6, STM32C031F6P3, STM32C031F6P6, STM32C031G4U3, STM32C031G4U6, STM32C031G6U3, STM32C031G6U6, STM32C031K4T3, STM32C031K4T6, STM32C031K4U3, STM32C031K4U6, STM32C031K6T3, STM32C031K6T6, STM32C031K6U3, STM32C031K6U6, STM32G071K8TXN, STM32G071K8UXN, STM32G081GBU6N, STM32G081KBT6N, STM32G081KBUXN, STM32G0B1CCT6N, STM32G0B1KCT6, STM32G0B1NEY6TR, STM32G0B1RCT6N, STM32G0C1CCT6, STM32G0C1CCT6N, STM32G0C1CCU6N, STM32G0C1CET6N, STM32G0C1CEU6N, STM32G0C1KCT6, STM32G0C1NEY6TR, STM32G0C1RCI6N, STM32G0C1RCT6N, STM32G0C1REI6N, STM32G0C1RET6N, STM32G0C1VCI6, STM32G0C1VEI6, STM32G471CCT6, STM32G471CCU6, STM32G471CET3, STM32G471CET6, STM32G471CEU3, STM32G471CEU6, STM32G471MCT6, STM32G471MET3, STM32G471MET6, STM32G471MEY6TR, STM32G471QCT6, STM32G471QET3, STM32G471RCT6, STM32G471RET3, STM32G471RET6, STM32G471VCH6, STM32G471VCI6, STM32G471VCT6, STM32G471VEH3, STM32G471VEH6, STM32G471VEI3, STM32G471VEI6, STM32G471VET3, STM32G471VET6, STM32G474CCT6, STM32H503CBT6, STM32H503CBU6, STM32H503EBY6TR, STM32H503KBU6, STM32H503RBT6, STM32H562AGI6, STM32H562AII6, STM32H562IGK6, STM32H562IGT6, STM32H562IIK6, STM32H562IIT6, STM32H562RGT6, STM32H562RGV6, STM32H562RIT6, STM32H562RIV6, STM32H562VGT6, STM32H562VIT6, STM32H562ZGT6, STM32H562ZIT6, STM32H563AGI6, STM32H563AII3Q, STM32H563AII6, STM32H563IGK6, STM32H563IGT6, STM32H563IIK3Q, STM32H563IIK6, STM32H563IIT3Q, STM32H563IIT6, STM32H563MIY3QTR, STM32H563RGT6, STM32H563RGV6, STM32H563RIT6, STM32H563RIV6, STM32H563VGT6, STM32H563VIT3Q, STM32H563VIT6, STM32H563ZGT6, STM32H563ZIT3Q, STM32H563ZIT6, STM32H573AII3Q, STM32H573AII6, STM32H573I-DK, STM32H573IIK3Q, STM32H573IIK6, STM32H573IIT3Q, STM32H573IIT6, STM32H573MIY3QTR, STM32H573RIT6, STM32H573RIV6, STM32H573VIT3Q, STM32H573VIT6, STM32H573ZIT3Q, STM32H573ZIT6, STM32L4R5QGI6STR, STM32MP131AAE3, STM32MP131AAF3, STM32MP131AAG3, STM32MP131CAE3, STM32MP131CAF3, STM32MP131CAG3, STM32MP131DAE7, STM32MP131DAF7, STM32MP131DAG7, STM32MP131FAE7, STM32MP131FAF7, STM32MP131FAG7, STM32MP133AAE3, STM32MP133AAF3, STM32MP133AAG3, STM32MP133CAE3, STM32MP133CAF3, STM32MP133CAG3, STM32MP133DAE7, STM32MP133DAF7, STM32MP133DAG7, STM32MP133FAE7, STM32MP133FAF7, STM32MP133FAG7, STM32MP135AAE3, STM32MP135AAF3, STM32MP135AAG3, STM32MP135CAE3, STM32MP135CAF3, STM32MP135CAG3, STM32MP135DAE7, STM32MP135DAF7, STM32MP135DAG7, STM32MP135F-DK, STM32MP135FAE7, STM32MP135FAF7, STM32MP135FAF7T, STM32MP135FAF7U, STM32MP135FAG7, STM32U535CBT6, STM32U535CBT6Q, STM32U535CBU6, STM32U535CBU6Q, STM32U535CCT6, STM32U535CCT6Q, STM32U535CCU6, STM32U535CCU6Q, STM32U535CET6, STM32U535CET6Q, STM32U535CEU6, STM32U535CEU6Q, STM32U535JEY6QTR, STM32U535NCY6QTR, STM32U535NEY6QTR, STM32U535RBI6, STM32U535RBI6Q, STM32U535RBT6, STM32U535RBT6Q, STM32U535RCI6, STM32U535RCI6Q, STM32U535RCT6, STM32U535RCT6Q, STM32U535REI6, STM32U535REI6Q, STM32U535RET6, STM32U535RET6Q, STM32U535VCI6, STM32U535VCI6Q, STM32U535VCT6, STM32U535VCT6Q, STM32U535VEI6, STM32U535VEI6Q, STM32U535VET6, STM32U535VET6Q, STM32U545CET6, STM32U545CET6Q, STM32U545CEU6, STM32U545CEU6Q, STM32U545JEY6QTR, STM32U545NEY6QTR, STM32U545REI6, STM32U545REI6Q, STM32U545RET6, STM32U545RET6Q, STM32U545VEI6, STM32U545VEI6Q, STM32U545VET6, STM32U545VET6Q, STM32U595AIH6, STM32U595AIH6Q, STM32U595AJH6, STM32U595AJH6Q, STM32U595QII6, STM32U595QII6Q, STM32U595QJI6, STM32U595QJI6Q, STM32U595RIT6, STM32U595RIT6Q, STM32U595RJT6, STM32U595RJT6Q, STM32U595VIT6, STM32U595VIT6Q, STM32U595VJT6, STM32U595VJT6Q, STM32U595ZIT6, STM32U595ZIT6Q, STM32U595ZIY6QTR, STM32U595ZJT6, STM32U595ZJT6Q, STM32U595ZJY6QTR, STM32U599BJY6QTR, STM32U599NIH6Q, STM32U599NJH6Q, STM32U599VIT6Q, STM32U599VJT6, STM32U599VJT6Q, STM32U599ZIT6Q, STM32U599ZIY6QTR, STM32U599ZJT6Q, STM32U599ZJY6QTR, STM32U5A5AJH6, STM32U5A5AJH6Q, STM32U5A5QJI6, STM32U5A5QJI6Q, STM32U5A5RJT6, STM32U5A5RJT6Q, STM32U5A5VJT6, STM32U5A5VJT6Q, STM32U5A5ZJT6, STM32U5A5ZJT6Q, STM32U5A5ZJY6QTR, STM32U5A9BJY6QTR, STM32U5A9J-DK, STM32U5A9NJH6Q, STM32U5A9VJT6Q, STM32U5A9ZJT6Q, STM32U5A9ZJY6QTR, STM32U5F7VIT6, STM32U5F7VIT6Q, STM32U5F7VJT6, STM32U5F7VJT6Q, STM32U5F9BJY6QTR, STM32U5F9NJH6Q, STM32U5F9VIT6Q, STM32U5F9VJT6Q, STM32U5F9ZIJ6QTR, STM32U5F9ZIT6Q, STM32U5F9ZJJ6QTR, STM32U5F9ZJT6Q, STM32U5G7VJT6, STM32U5G7VJT6Q, STM32U5G9BJY6QTR, STM32U5G9J-DK1, STM32U5G9J-DK2, STM32U5G9NJH6Q, STM32U5G9VJT6Q, STM32U5G9ZJJ6QTR, STM32U5G9ZJT6Q, STM32WB1MMCH6, STM32WBA50KEU6, STM32WBA50KEU6TR, STM32WBA50KGU6, STM32WBA50KGU6TR, STM32WBA52CEU6, STM32WBA52CEU6TR, STM32WBA52CEU7, STM32WBA52CEU7TR, STM32WBA52CGU6, STM32WBA52CGU6TR, STM32WBA52CGU6U, STM32WBA52CGU7, STM32WBA52CGU7TR, STM32WBA52KEU6, STM32WBA52KEU6TR, STM32WBA52KGU6, STM32WBA52KGU6TR, STM32WBA54CEU6, STM32WBA54CEU6TR, STM32WBA54CEU7, STM32WBA54CEU7TR, STM32WBA54CGU6, STM32WBA54CGU6TR, STM32WBA54CGU7, STM32WBA54CGU7TR, STM32WBA54KEU6, STM32WBA54KEU6TR, STM32WBA54KEU7, STM32WBA54KEU7TR, STM32WBA54KGU6, STM32WBA54KGU6TR, STM32WBA54KGU7, STM32WBA54KGU7TR, STM32WBA55CEU6, STM32WBA55CEU6TR, STM32WBA55CEU7, STM32WBA55CEU7TR, STM32WBA55CGU6, STM32WBA55CGU6TR, STM32WBA55CGU6U, STM32WBA55CGU7, STM32WBA55CGU7TR, STM32WBA55G-DK1, STM32WBA55HEF6, STM32WBA55HEF7, STM32WBA55HGF6, STM32WBA55HGF7, STM32WBA55UEI6, STM32WBA55UEI6TR, STM32WBA55UEI7, STM32WBA55UEI7TR, STM32WBA55UGI6, STM32WBA55UGI6TR, STM32WBA55UGI7, STM32WBA55UGI7TR, STM32WL5MOCH6, STM32WL5MOCH6TR]
2024-05-25 09:50:58,031 [INFO] BoardInfo:889 - No configuration file found for board NUCLEO-H533RE
2024-05-25 09:50:58,031 [INFO] DbBoards:161 - Board is not supported: NUCLEO-H533RE
2024-05-25 09:50:58,040 [INFO] BoardInfo:889 - No configuration file found for board NUCLEO-H7S3L8
2024-05-25 09:50:58,040 [INFO] DbBoards:161 - Board is not supported: NUCLEO-H7S3L8
2024-05-25 09:50:58,062 [INFO] BoardInfo:889 - No configuration file found for board NUCLEO-U031R8
2024-05-25 09:50:58,062 [INFO] DbBoards:161 - Board is not supported: NUCLEO-U031R8
2024-05-25 09:50:58,063 [INFO] BoardInfo:889 - No configuration file found for board NUCLEO-U083RC
2024-05-25 09:50:58,063 [INFO] DbBoards:161 - Board is not supported: NUCLEO-U083RC
2024-05-25 09:50:58,075 [INFO] BoardInfo:889 - No configuration file found for board P-NUCLEO-WB55
2024-05-25 09:50:58,075 [INFO] DbBoards:161 - Kit is not supported: P-NUCLEO-WB55
2024-05-25 09:50:58,079 [INFO] BoardInfo:889 - No configuration file found for board STEVAL-BFA001V1B
2024-05-25 09:50:58,079 [INFO] DbBoards:161 - Kit is not supported: STEVAL-BFA001V1B
2024-05-25 09:50:58,080 [INFO] BoardInfo:889 - No configuration file found for board STEVAL-BFA001V2B
2024-05-25 09:50:58,080 [INFO] DbBoards:161 - Kit is not supported: STEVAL-BFA001V2B
2024-05-25 09:50:58,158 [INFO] BoardInfo:889 - No configuration file found for board STM32H7S78-DK
2024-05-25 09:50:58,158 [INFO] DbBoards:161 - Board is not supported: STM32H7S78-DK
2024-05-25 09:50:58,182 [INFO] BoardInfo:889 - No configuration file found for board STM32U083C-DK
2024-05-25 09:50:58,183 [INFO] DbBoards:161 - Board is not supported: STM32U083C-DK
2024-05-25 09:50:58,190 [INFO] DbBoards:168 - Found 199 boards, 190 are supported
2024-05-25 09:50:58,190 [INFO] DbBoards:169 - Found 199 boards, 3 of them is supported for  Bsp
2024-05-25 09:50:58,193 [INFO] ApiDb:423 - Load user favorites file C:\Users\YUAN/.stm32cubeide/favorites.boards.txt: 0 item(s)
2024-05-25 09:50:58,193 [INFO] ApiDb:427 - User favorites Boards=[]
2024-05-25 09:50:58,193 [INFO] DbBoards:198 - Set 0 / 0 favorites Boards
2024-05-25 09:50:58,195 [INFO] ApiDb:668 - CubeFinder database Data Model version=2.1
2024-05-25 09:50:58,195 [INFO] ApiDb:669 - CubeFinder database Configuration version=3.0.39
2024-05-25 09:50:58,195 [INFO] ApiDb:670 - CubeFinder database generation date=2024-04-15 (1713193726)
2024-05-25 09:50:58,195 [INFO] ApiDb:671 - CubeFinder database FW Pack versions=[FP-ATR-ASTRA1_V2.0.0, FP-SNS-FLIGHT1_V5.0.1, FP-SNS-FLIGHT1_V5.0.2, FP-SNS-MOTENV1_V4.3.1, FP-SNS-MOTENV1_V4.3.2, FP-SNS-MOTENVWB1_V1.3.1, FP-SNS-SMARTAG2_V1.2.0, STM32Cube_FW_C0_V1.1.0, STM32Cube_FW_F4_V1.28.0, STM32Cube_FW_F7_V1.17.0, STM32Cube_FW_G0_V1.6.2, STM32Cube_FW_G4_V1.5.2, STM32Cube_FW_H5_V0.5.1, STM32Cube_FW_H5_V1.1.1, STM32Cube_FW_H5_V1.2.0, STM32Cube_FW_H5_V1.2.0RC4, STM32Cube_FW_H7RS_V1.0.0, STM32Cube_FW_H7RS_V1.0.0RC4, STM32Cube_FW_H7_V1.11.0, STM32Cube_FW_L0_V1.12.2, STM32Cube_FW_L5_V1.5.1, STM32Cube_FW_U0_V1.0.0, STM32Cube_FW_U0_V1.0.0RC1, STM32Cube_FW_U5_V1.3.0RC4, STM32Cube_FW_U5_V1.5.0, STM32Cube_FW_U5_V1.5.0RC1, STM32Cube_FW_WBA_V1.0.0RC1, STM32Cube_FW_WBA_V1.2.0, STM32Cube_FW_WBA_V1.2.0RC2, STM32Cube_FW_WBA_V1.3.0, STM32Cube_FW_WBA_V1.3.0RC1, STM32Cube_FW_WB_V1.15.0RC1, STM32Cube_FW_WB_V1.16.0, STM32Cube_FW_WB_V1.16.0RC2, STM32Cube_FW_WB_V1.18.0, STM32Cube_FW_WB_V1.19.0, STM32Cube_FW_WL_V1.3.0, X-CUBE-ALGOBUILD_V1.3.0, X-CUBE-ALS_V1.0.1, X-CUBE-AZRTOS-F4_V1.1.0, X-CUBE-AZRTOS-F7_V1.1.0, X-CUBE-AZRTOS-G0_V1.1.0, X-CUBE-AZRTOS-G4_V2.0.0, X-CUBE-AZRTOS-H7_V3.2.0, X-CUBE-AZRTOS-L4_V1.0.0, X-CUBE-AZRTOS-L4_V2.0.0, X-CUBE-AZRTOS-L5_V1.1.0, X-CUBE-AZRTOS-WB_V2.0.0, X-CUBE-AZRTOS-WL_V2.0.0, X-CUBE-BLE1_V7.0.0, X-CUBE-BLE2_V3.3.0, X-CUBE-BLEMGR_V3.1.0, X-CUBE-EEPRMA1_V4.1.0, X-CUBE-EEPRMA1_V5.1.0, X-CUBE-FREERTOS_V1.1.0, X-CUBE-GNSS1_V6.0.0, X-CUBE-MEMS1_V10.0.0, X-CUBE-MEMS1_V9.1.0, X-CUBE-MEMS1_V9.4.0, X-CUBE-MEMS1_V9.6.0, X-CUBE-NFC4_V3.0.0, X-CUBE-NFC7_V1.0.1, X-CUBE-SFXS2LP1_V4.0.0, X-CUBE-SUBG2_V5.0.0, X-CUBE-TOF1_V3.4.0]
2024-05-25 09:50:58,820 [ERROR] DbExamplesSqlite:437 - Missing JSON key: board_cpn
2024-05-25 09:50:58,820 [ERROR] DbExamplesSqlite:437 - Missing JSON key: board_cpn
2024-05-25 09:50:58,820 [ERROR] DbExamplesSqlite:437 - Missing JSON key: board_cpn
2024-05-25 09:50:58,820 [ERROR] DbExamplesSqlite:437 - Missing JSON key: board_cpn
2024-05-25 09:50:58,921 [INFO] DbExamplesSqlite:395 - Ignored 60 examples not supported by CubeIDE
2024-05-25 09:50:58,921 [INFO] DbExamplesSqlite:396 - Found 8152 examples active
2024-05-25 09:50:58,921 [INFO] DbExamplesSqlite:397 - Found 871 examples obsolete
2024-05-25 09:50:58,921 [INFO] DbExamplesSqlite:398 - Found 0 examples under development
2024-05-25 09:50:58,921 [INFO] DbExamplesSqlite:399 - Found 10 examples not building
2024-05-25 09:50:58,924 [INFO] DbExamples:125 - Found 8102 examples
2024-05-25 09:50:58,938 [INFO] DbExamples:222 - Found 101 boards with related examples
2024-05-25 09:50:58,940 [INFO] DbExamples:235 - Found 86 MCUs with related examples
2024-05-25 09:50:58,962 [INFO] ApiDb:414 - User favorites file not found: C:\Users\YUAN/.stm32cubeide/favorites.examples.txt
2024-05-25 09:50:58,963 [INFO] DbExamples:250 - Set 0 / 0 favorites Examples
2024-05-25 09:50:59,057 [INFO] McuFinderGlobals:76 - Set McuFinderConnectedMode to true
2024-05-25 09:50:59,062 [INFO] MultiScanPanel:200 - Auto-refresh data requested => check proxy status ongoing
2024-05-25 09:50:59,064 [INFO] FinderPluginLoader:95 - Searching for filters in installed packs
2024-05-25 09:51:00,131 [INFO] LoadUrlFilesThread:185 - End of LoadServerUrlFiles without Thread
2024-05-25 09:51:00,145 [INFO] DetailPanel:341 - Set advertising image to C:/Users/YUAN/STM32Cube/Repository/\en.prom-stm32h7rs-mcu-finder.jpg
2024-05-25 09:51:15,875 [INFO] ServerAccessManage:473 - Download File DS8626.pdf
2024-05-25 09:51:16,194 [INFO] LoadUrlFilesThread:156 - End of LoadUrlFiles Thread
2024-05-25 09:51:16,332 [INFO] McuAction:142 - Datasheet
2024-05-25 09:51:25,112 [INFO] McuAction:198 - https://www.st.com/content/ccc/fragment/product_related/rpn_information/product_circuit_diagram/group0/fc/05/56/b8/df/4f/49/bd/bd_stm32f407_1mb/files/bd_stm32f407_1mb.jpg/jcr:content/translations/en.bd_stm32f407_1mb.jpg
2024-05-25 09:51:25,112 [INFO] McuDetailPanel:502 - Internet connection configuration mode: 1
2024-05-25 09:51:25,117 [INFO] WebAppUi:294 - Instantiating new browser for Project
2024-05-25 09:51:25,540 [INFO] WebAppUi:1191 - Register for checkConnection events
2024-05-25 09:51:25,540 [INFO] WebAppUi:1226 - Apply proxy settings
2024-05-25 09:51:25,540 [INFO] WebAppUi:1264 - Chromium requires no authentication
2024-05-25 09:51:25,541 [INFO] WebAppUi:1250 - Direct internet connection detected
2024-05-25 09:51:25,543 [INFO] WebAppUi:320 - Starting web application
2024-05-25 09:51:25,543 [INFO] WebAppUi:1122 - Web application path used E:\STSB\STM32CubeIDE_1.14.1\STM32CubeIDE\plugins\com.st.stm32cube.common.mx_6.10.0.202311202037\db\plugins\mcufinder\reactClient\index.html
2024-05-25 09:51:25,553 [INFO] WebAppUi:887 - Path where api_config.json is located C:\Users\YUAN\.stmcufinder\plugins\mcufinder//mcu/api_config.json
2024-05-25 09:51:25,553 [INFO] WebAppUi:888 - Setting api config in window object
2024-05-25 09:51:25,580 [WARN] WebAppUi:925 - Cannot access cad_preferences.json
2024-05-25 09:51:25,580 [WARN] WebAppUi:928 - Fallback to default consent
2024-05-25 09:51:25,581 [INFO] WebAppUi:896 - Path where cad_preferences.json is located C:\Users\YUAN/.stm32cubeide/
2024-05-25 09:51:25,581 [INFO] WebAppUi:897 - Setting consent info in window object
2024-05-25 09:51:25,666 [INFO] WebAppUi:792 - Allow Downloads
2024-05-25 09:51:25,667 [INFO] WebAppUi:294 - Instantiating new browser for Finder
2024-05-25 09:51:25,856 [INFO] WebAppUi:1191 - Register for checkConnection events
2024-05-25 09:51:25,857 [INFO] WebAppUi:1226 - Apply proxy settings
2024-05-25 09:51:25,857 [INFO] WebAppUi:1264 - Chromium requires no authentication
2024-05-25 09:51:25,857 [INFO] WebAppUi:1250 - Direct internet connection detected
2024-05-25 09:51:25,859 [INFO] WebAppUi:320 - Starting web application
2024-05-25 09:51:25,859 [INFO] WebAppUi:1122 - Web application path used E:\STSB\STM32CubeIDE_1.14.1\STM32CubeIDE\plugins\com.st.stm32cube.common.mx_6.10.0.202311202037\db\plugins\mcufinder\reactClient\index.html
2024-05-25 09:51:25,870 [INFO] WebAppUi:887 - Path where api_config.json is located C:\Users\YUAN\.stmcufinder\plugins\mcufinder//mcu/api_config.json
2024-05-25 09:51:25,870 [INFO] WebAppUi:888 - Setting api config in window object
2024-05-25 09:51:25,896 [INFO] WebAppUi:896 - Path where cad_preferences.json is located C:\Users\YUAN/.stm32cubeide/
2024-05-25 09:51:25,896 [INFO] WebAppUi:897 - Setting consent info in window object
2024-05-25 09:51:25,981 [INFO] WebAppUi:792 - Allow Downloads
2024-05-25 09:51:25,981 [INFO] WebAppUi:613 - RPN selected STM32F407ZG
2024-05-25 09:51:25,981 [INFO] WebAppUi:614 - RefName selected STM32F407ZGTx
2024-05-25 09:51:25,981 [INFO] WebAppUi:615 - CPN selected STM32F407ZGT6
2024-05-25 09:51:25,984 [INFO] WebAppUi:778 - Which Bigleton in use 1 and which CPN is about STM32F407ZGT6
2024-05-25 09:51:25,984 [INFO] WebAppUi:652 - Have injected Javascript into web application
2024-05-25 09:51:25,985 [INFO] WebAppUiContainer:149 - Web application run mode: Finder CPN: STM32F407ZGT6
2024-05-25 09:51:25,987 [INFO] McuAction:202 - CAD Resources
2024-05-25 09:51:26,149 [INFO] WebAppUi:1056 - Web application message: [UlApiManager component] Connecting to SSO
2024-05-25 09:51:26,454 [INFO] WebAppUi:1056 - Web application message: SSO unavailable because of TypeError: Failed to fetch
2024-05-25 09:51:26,455 [INFO] WebAppUi:1056 - Web application message: [UlApiManager component] Connected to Ultra Librarian API
2024-05-25 09:51:26,461 [INFO] WebAppUi:1056 - Web application message: [UlApiManager component] Connecting to SSO
2024-05-25 09:51:26,465 [INFO] WebAppUi:1056 - Web application message: SSO unavailable because of TypeError: Failed to fetch
2024-05-25 09:51:26,465 [INFO] WebAppUi:1056 - Web application message: [UlApiManager component] Connected to Ultra Librarian API
2024-05-25 09:51:26,898 [INFO] WebAppUi:1056 - Web application message: No network connection
2024-05-25 09:51:26,898 [INFO] WebAppUi:1056 - Web application message: Cannot get data because API not available
2024-05-25 09:51:27,499 [INFO] WebAppUi:1056 - Web application message: CAD resources feature launch attempt
2024-05-25 09:51:27,501 [INFO] WebAppUi:1056 - Web application message: No network connection
2024-05-25 09:51:27,502 [INFO] WebAppUi:1056 - Web application message: Cannot get data because API not available
2024-05-25 09:51:29,470 [INFO] McuAction:51 - Features
2024-05-25 09:51:55,026 [INFO] McuFinderGlobals:76 - Set McuFinderConnectedMode to true
2024-05-25 09:51:55,578 [INFO] ApiDb:448 - Save user favorites file C:\Users\YUAN/.stm32cubeide/favorites.mcus.txt: 3 item(s)
2024-05-25 09:51:55,578 [INFO] ApiDb:452 - User favorites MCUs=[STM32F103C8T6, STM32F103ZET6, STM32F407ZGT6]
2024-05-25 10:26:52,006 [INFO] WebApp:354 - JxBrowser engine has been closed 
2024-05-25 10:26:52,006 [INFO] WebAppUi:453 - JxBrowser engine has been closed 
2024-05-25 10:26:52,006 [INFO] WebAppUi:490 - Close the Jxbrowser engine manually
2024-05-25 10:28:59,292 [ERROR] LogOutputStream:75 - [STDERR_REDIRECT] 
