2024-05-21 09:03:56,962 [INFO] Activator:176 - 


2024-05-21 09:03:56,990 [INFO] Activator:177 - !SESSION log4j initialized
2024-05-21 09:04:06,211 [INFO] LogOutputStream:77 - [STDOUT_REDIRECT] 
2024-05-21 09:04:11,819 [INFO] ApplicationProperties:184 - Using Application install path: E:\STSB\STM32CubeIDE_1.14.1\STM32CubeIDE\plugins\com.st.stm32cube.common.mx_6.10.0.202311202037
2024-05-21 09:04:11,858 [INFO] DbMcusXml:78 - Set database path to: E:\STSB\STM32CubeIDE_1.14.1\STM32CubeIDE\plugins\com.st.stm32cube.common.mx_6.10.0.202311202037\\db\/mcu/
2024-05-21 09:04:11,859 [INFO] ApiDb:274 - Set plugin database path to: E:\STSB\STM32CubeIDE_1.14.1\STM32CubeIDE\plugins\com.st.stm32cube.common.mx_6.10.0.202311202037\\db\/plugins/boardmanager/
2024-05-21 09:04:11,860 [WARN] ApiDb:259 - Overriding images path with different value:  => E:\STSB\STM32CubeIDE_1.14.1\STM32CubeIDE\plugins\com.st.stm32cube.common.mx_6.10.0.202311202037\\db\/plugins/mcufinder/images/
2024-05-21 09:04:11,870 [INFO] ApiDb:250 - Set database path to: C:\Users\YUAN\.stmcufinder\plugins\mcufinder//mcu/
2024-05-21 09:04:11,871 [INFO] DbMcusAds:125 - Set database path to: C:\Users\YUAN\.stmcufinder\plugins\mcufinder//mcu/
2024-05-21 09:04:11,872 [INFO] CrossReferenceDbSqlite:203 - Set database path to: C:\Users\YUAN\.stmcufinder\plugins\mcufinder//mcu/cs/
2024-05-21 09:04:12,006 [INFO] RulesReader:64 - Compatibility file has been processed (297 Rules)
2024-05-21 09:04:12,094 [INFO] DbMcusXml:78 - Set database path to: E:\STSB\STM32CubeIDE_1.14.1\STM32CubeIDE\plugins\com.st.stm32cube.common.mx_6.10.0.202311202037\\db\/mcu/
2024-05-21 09:04:12,094 [INFO] ApiDb:274 - Set plugin database path to: E:\STSB\STM32CubeIDE_1.14.1\STM32CubeIDE\plugins\com.st.stm32cube.common.mx_6.10.0.202311202037\\db\/plugins/boardmanager/
2024-05-21 09:04:12,094 [INFO] ApiDb:261 - Set plugin images path to: E:\STSB\STM32CubeIDE_1.14.1\STM32CubeIDE\plugins\com.st.stm32cube.common.mx_6.10.0.202311202037\\db\/plugins/mcufinder/images/
2024-05-21 09:04:12,094 [WARN] DbFile:41 - Overriding database path with different value: C:\Users\YUAN\.stmcufinder\plugins\mcufinder/ => C:\Users\YUAN\.stmcufinder\plugins\mcufinder
2024-05-21 09:04:12,094 [INFO] ApiDb:250 - Set database path to: C:\Users\YUAN\.stmcufinder\plugins\mcufinder//mcu/
2024-05-21 09:04:12,095 [WARN] DbFile:41 - Overriding database path with different value: C:\Users\YUAN\.stmcufinder\plugins\mcufinder/ => C:\Users\YUAN\.stmcufinder\plugins\mcufinder
2024-05-21 09:04:12,095 [INFO] DbMcusAds:125 - Set database path to: C:\Users\YUAN\.stmcufinder\plugins\mcufinder//mcu/
2024-05-21 09:04:12,095 [WARN] DbFile:41 - Overriding database path with different value: C:\Users\YUAN\.stmcufinder\plugins\mcufinder/ => C:\Users\YUAN\.stmcufinder\plugins\mcufinder
2024-05-21 09:04:12,095 [WARN] DbFile:41 - Overriding database path with different value: C:\Users\YUAN\.stmcufinder\plugins\mcufinder/ => C:\Users\YUAN\.stmcufinder\plugins\mcufinder
2024-05-21 09:04:12,095 [INFO] CrossReferenceDbSqlite:203 - Set database path to: C:\Users\YUAN\.stmcufinder\plugins\mcufinder//mcu/cs/
2024-05-21 09:04:12,165 [INFO] MainPanel:264 - HeapMemory: 268435456
2024-05-21 09:04:12,243 [INFO] DbMcusXml:78 - Set database path to: E:\STSB\STM32CubeIDE_1.14.1\STM32CubeIDE\plugins\com.st.stm32cube.common.mx_6.10.0.202311202037\\db\/mcu/
2024-05-21 09:04:12,243 [INFO] ApiDb:274 - Set plugin database path to: E:\STSB\STM32CubeIDE_1.14.1\STM32CubeIDE\plugins\com.st.stm32cube.common.mx_6.10.0.202311202037\\db\/plugins/boardmanager/
2024-05-21 09:04:12,243 [INFO] ApiDb:261 - Set plugin images path to: E:\STSB\STM32CubeIDE_1.14.1\STM32CubeIDE\plugins\com.st.stm32cube.common.mx_6.10.0.202311202037\\db\/plugins/mcufinder/images/
2024-05-21 09:04:12,243 [WARN] DbFile:41 - Overriding database path with different value: C:\Users\YUAN\.stmcufinder\plugins\mcufinder/ => C:\Users\YUAN\.stmcufinder\plugins\mcufinder
2024-05-21 09:04:12,243 [INFO] ApiDb:250 - Set database path to: C:\Users\YUAN\.stmcufinder\plugins\mcufinder//mcu/
2024-05-21 09:04:12,243 [WARN] DbFile:41 - Overriding database path with different value: C:\Users\YUAN\.stmcufinder\plugins\mcufinder/ => C:\Users\YUAN\.stmcufinder\plugins\mcufinder
2024-05-21 09:04:12,244 [INFO] DbMcusAds:125 - Set database path to: C:\Users\YUAN\.stmcufinder\plugins\mcufinder//mcu/
2024-05-21 09:04:12,244 [WARN] DbFile:41 - Overriding database path with different value: C:\Users\YUAN\.stmcufinder\plugins\mcufinder/ => C:\Users\YUAN\.stmcufinder\plugins\mcufinder
2024-05-21 09:04:12,244 [WARN] DbFile:41 - Overriding database path with different value: C:\Users\YUAN\.stmcufinder\plugins\mcufinder/ => C:\Users\YUAN\.stmcufinder\plugins\mcufinder
2024-05-21 09:04:12,244 [INFO] CrossReferenceDbSqlite:203 - Set database path to: C:\Users\YUAN\.stmcufinder\plugins\mcufinder//mcu/cs/
2024-05-21 09:04:12,260 [INFO] ApplicationProperties:184 - Using Application install path: E:\STSB\STM32CubeIDE_1.14.1\STM32CubeIDE\plugins\com.st.stm32cube.common.mx_6.10.0.202311202037
2024-05-21 09:04:12,262 [INFO] PluginManage:196 - Search for loadable plugins [exclusion list=, ]
2024-05-21 09:04:12,263 [INFO] PluginManage:310 - Check plugin analytics
2024-05-21 09:04:12,429 [INFO] AnalyticsPlugin:253 - Accepted Software Licenses: STM32CubeMX.6.6.1
2024-05-21 09:04:12,429 [INFO] AnalyticsPlugin:255 - Accepted CMSIS Pack Licenses: 
2024-05-21 09:04:12,430 [INFO] AnalyticsPlugin:257 - Accepted Firmware Licenses: FW.F4.1.27.0,FW.H7.1.10.0,FW.H5.1.1.0,FW.F4.1.28.0
2024-05-21 09:04:12,433 [INFO] PluginManage:359 - Loaded plugin analytics (category:tool,tabindex:-1)
2024-05-21 09:04:12,433 [INFO] PluginManage:310 - Check plugin cadmodel
2024-05-21 09:04:12,439 [INFO] CADModel:105 - Init CAD model plugin
2024-05-21 09:04:12,440 [INFO] PluginManage:359 - Loaded plugin cadmodel (category:power,tabindex:5)
2024-05-21 09:04:12,440 [INFO] PluginManage:310 - Check plugin clock
2024-05-21 09:04:12,455 [INFO] PluginManage:359 - Loaded plugin clock (category:base,tabindex:2)
2024-05-21 09:04:12,455 [INFO] PluginManage:310 - Check plugin ddr
2024-05-21 09:04:12,459 [INFO] PluginManage:359 - Loaded plugin ddr (category:tool,tabindex:6)
2024-05-21 09:04:12,459 [INFO] PluginManage:310 - Check plugin filemanager
2024-05-21 09:04:12,603 [INFO] PluginManage:359 - Loaded plugin filemanager (category:base,tabindex:10)
2024-05-21 09:04:12,603 [INFO] PluginManage:310 - Check plugin ipmanager
2024-05-21 09:04:12,612 [INFO] PluginManage:359 - Loaded plugin ipmanager (category:base,tabindex:5)
2024-05-21 09:04:12,612 [INFO] PluginManage:310 - Check plugin lpbam
2024-05-21 09:04:12,620 [INFO] PluginManage:359 - Loaded plugin lpbam (category:base,tabindex:0)
2024-05-21 09:04:12,620 [INFO] PluginManage:310 - Check plugin memorymap
2024-05-21 09:04:12,632 [INFO] PluginManage:359 - Loaded plugin memorymap (category:base,tabindex:4)
2024-05-21 09:04:12,633 [INFO] PluginManage:310 - Check plugin pinoutandconfiguration
2024-05-21 09:04:12,640 [INFO] PluginManage:359 - Loaded plugin pinoutandconfiguration (category:base,tabindex:1)
2024-05-21 09:04:12,640 [INFO] PluginManage:310 - Check plugin pinoutconfig
2024-05-21 09:04:12,710 [WARN] SupportedApi:132 - Cannot load RTOS API schema: s4s-elt-must-match.1: The content of 'definitions' must match (annotation?, (simpleType | complexType)?, (unique | key | keyref)*)). A problem was found starting at: attribute.
2024-05-21 09:04:12,813 [INFO] PluginManage:359 - Loaded plugin pinoutconfig (category:base,tabindex:0)
2024-05-21 09:04:12,813 [INFO] PluginManage:310 - Check plugin power
2024-05-21 09:04:12,822 [INFO] PluginManage:359 - Loaded plugin power (category:power,tabindex:4)
2024-05-21 09:04:12,822 [INFO] PluginManage:310 - Check plugin projectmanager
2024-05-21 09:04:12,836 [INFO] PluginManage:359 - Loaded plugin projectmanager (category:projectmanager,tabindex:3)
2024-05-21 09:04:12,836 [INFO] PluginManage:310 - Check plugin thirdparty
2024-05-21 09:04:12,957 [WARN] IntegrityCheckThread:84 - waiting for thirdparty lock release [integrity check]
2024-05-21 09:04:12,957 [INFO] IntegrityCheckThread:86 - entering critical section [integrity check]
2024-05-21 09:04:12,958 [INFO] PluginManage:359 - Loaded plugin thirdparty (category:base,tabindex:-1)
2024-05-21 09:04:12,958 [INFO] PluginManage:310 - Check plugin tools
2024-05-21 09:04:12,958 [INFO] ThirdPartyUpdaterWithRetryManager:70 - Updater plugin not ready yet. [1/15]
2024-05-21 09:04:12,962 [INFO] PluginManage:359 - Loaded plugin tools (category:base,tabindex:7)
2024-05-21 09:04:12,962 [INFO] PluginManage:310 - Check plugin tutovideos
2024-05-21 09:04:13,098 [INFO] PluginManage:359 - Loaded plugin tutovideos (category:base,tabindex:-1)
2024-05-21 09:04:13,099 [INFO] PluginManage:310 - Check plugin updater
2024-05-21 09:04:13,108 [INFO] PluginManage:359 - Loaded plugin updater (category:base,tabindex:12)
2024-05-21 09:04:13,108 [INFO] PluginManage:310 - Check plugin userauth
2024-05-21 09:04:13,112 [INFO] UserAuth:114 - Init User Auth plugin
2024-05-21 09:04:13,112 [INFO] PluginManage:359 - Loaded plugin userauth (category:base,tabindex:14)
2024-05-21 09:04:13,112 [INFO] PluginManage:283 - PluginManage : Loaded plugins [17]
2024-05-21 09:04:13,294 [INFO] PinOutPanel:1499 - setPackage(No Configuration,No Configuration)
2024-05-21 09:04:13,362 [INFO] CADModel:165 - CPN selected for project level
2024-05-21 09:04:13,362 [INFO] CADModel:114 - Register for checkConnection events
2024-05-21 09:04:13,376 [INFO] IPUIPlugin:80 - create IPUIPlugin
2024-05-21 09:04:13,376 [INFO] PluginManager:220 - loadIPPluginJar : add adc
2024-05-21 09:04:13,378 [INFO] IPUIPlugin:80 - create IPUIPlugin
2024-05-21 09:04:13,378 [INFO] PluginManager:220 - loadIPPluginJar : add aes
2024-05-21 09:04:13,379 [INFO] IPUIPlugin:80 - create IPUIPlugin
2024-05-21 09:04:13,380 [INFO] PluginManager:220 - loadIPPluginJar : add can
2024-05-21 09:04:13,381 [INFO] IPUIPlugin:80 - create IPUIPlugin
2024-05-21 09:04:13,381 [INFO] PluginManager:220 - loadIPPluginJar : add comp
2024-05-21 09:04:13,382 [INFO] IPUIPlugin:80 - create IPUIPlugin
2024-05-21 09:04:13,382 [INFO] PluginManager:220 - loadIPPluginJar : add cryp
2024-05-21 09:04:13,384 [INFO] IPUIPlugin:80 - create IPUIPlugin
2024-05-21 09:04:13,384 [INFO] PluginManager:220 - loadIPPluginJar : add dfsdm
2024-05-21 09:04:13,388 [INFO] IPUIPlugin:80 - create IPUIPlugin
2024-05-21 09:04:13,389 [INFO] PluginManager:220 - loadIPPluginJar : add dma
2024-05-21 09:04:13,390 [INFO] IPUIPlugin:80 - create IPUIPlugin
2024-05-21 09:04:13,391 [INFO] PluginManager:220 - loadIPPluginJar : add dma3
2024-05-21 09:04:13,392 [INFO] IPUIPlugin:80 - create IPUIPlugin
2024-05-21 09:04:13,392 [INFO] PluginManager:220 - loadIPPluginJar : add fatfs
2024-05-21 09:04:13,394 [INFO] IPUIPlugin:80 - create IPUIPlugin
2024-05-21 09:04:13,394 [INFO] PluginManager:220 - loadIPPluginJar : add fmc
2024-05-21 09:04:13,399 [INFO] IPUIPlugin:80 - create IPUIPlugin
2024-05-21 09:04:13,399 [INFO] PluginManager:220 - loadIPPluginJar : add freertos
2024-05-21 09:04:13,400 [INFO] IPUIPlugin:80 - create IPUIPlugin
2024-05-21 09:04:13,400 [INFO] PluginManager:220 - loadIPPluginJar : add genericplugin
2024-05-21 09:04:13,402 [INFO] IPUIPlugin:80 - create IPUIPlugin
2024-05-21 09:04:13,402 [INFO] PluginManager:220 - loadIPPluginJar : add gfxmmu
2024-05-21 09:04:13,405 [INFO] IPUIPlugin:80 - create IPUIPlugin
2024-05-21 09:04:13,405 [INFO] PluginManager:220 - loadIPPluginJar : add gic
2024-05-21 09:04:13,408 [INFO] IPUIPlugin:80 - create IPUIPlugin
2024-05-21 09:04:13,408 [INFO] PluginManager:220 - loadIPPluginJar : add gpio
2024-05-21 09:04:13,410 [INFO] IPUIPlugin:80 - create IPUIPlugin
2024-05-21 09:04:13,410 [INFO] PluginManager:220 - loadIPPluginJar : add gtzc
2024-05-21 09:04:13,412 [INFO] IPUIPlugin:80 - create IPUIPlugin
2024-05-21 09:04:13,412 [INFO] PluginManager:220 - loadIPPluginJar : add hash
2024-05-21 09:04:13,414 [INFO] IPUIPlugin:80 - create IPUIPlugin
2024-05-21 09:04:13,414 [INFO] PluginManager:220 - loadIPPluginJar : add i2c
2024-05-21 09:04:13,415 [INFO] IPUIPlugin:80 - create IPUIPlugin
2024-05-21 09:04:13,415 [INFO] PluginManager:220 - loadIPPluginJar : add i2s
2024-05-21 09:04:13,417 [INFO] IPUIPlugin:80 - create IPUIPlugin
2024-05-21 09:04:13,417 [INFO] PluginManager:220 - loadIPPluginJar : add i3c
2024-05-21 09:04:13,419 [INFO] IPUIPlugin:80 - create IPUIPlugin
2024-05-21 09:04:13,419 [INFO] PluginManager:220 - loadIPPluginJar : add ipddr
2024-05-21 09:04:13,424 [INFO] IPUIPlugin:80 - create IPUIPlugin
2024-05-21 09:04:13,424 [INFO] PluginManager:220 - loadIPPluginJar : add linkedlist
2024-05-21 09:04:13,426 [INFO] IPUIPlugin:80 - create IPUIPlugin
2024-05-21 09:04:13,426 [INFO] PluginManager:220 - loadIPPluginJar : add lorawan
2024-05-21 09:04:13,428 [INFO] IPUIPlugin:80 - create IPUIPlugin
2024-05-21 09:04:13,428 [INFO] PluginManager:220 - loadIPPluginJar : add ltdc
2024-05-21 09:04:13,432 [INFO] IPUIPlugin:80 - create IPUIPlugin
2024-05-21 09:04:13,432 [INFO] PluginManager:220 - loadIPPluginJar : add mdma
2024-05-21 09:04:13,435 [INFO] IPUIPlugin:80 - create IPUIPlugin
2024-05-21 09:04:13,435 [INFO] PluginManager:220 - loadIPPluginJar : add nvic
2024-05-21 09:04:13,437 [INFO] IPUIPlugin:80 - create IPUIPlugin
2024-05-21 09:04:13,437 [INFO] PluginManager:220 - loadIPPluginJar : add opamp
2024-05-21 09:04:13,440 [INFO] IPUIPlugin:80 - create IPUIPlugin
2024-05-21 09:04:13,440 [INFO] PluginManager:220 - loadIPPluginJar : add openamp
2024-05-21 09:04:13,442 [INFO] IPUIPlugin:80 - create IPUIPlugin
2024-05-21 09:04:13,442 [INFO] PluginManager:220 - loadIPPluginJar : add pdm2pcm
2024-05-21 09:04:13,446 [INFO] IPUIPlugin:80 - create IPUIPlugin
2024-05-21 09:04:13,448 [INFO] PluginManager:220 - loadIPPluginJar : add plateformsettings
2024-05-21 09:04:13,449 [INFO] IPUIPlugin:80 - create IPUIPlugin
2024-05-21 09:04:13,449 [INFO] PluginManager:220 - loadIPPluginJar : add quadspi
2024-05-21 09:04:13,452 [INFO] IPUIPlugin:80 - create IPUIPlugin
2024-05-21 09:04:13,452 [INFO] PluginManager:220 - loadIPPluginJar : add resmgrutility
2024-05-21 09:04:13,454 [INFO] IPUIPlugin:80 - create IPUIPlugin
2024-05-21 09:04:13,454 [INFO] PluginManager:220 - loadIPPluginJar : add sai
2024-05-21 09:04:13,455 [INFO] IPUIPlugin:80 - create IPUIPlugin
2024-05-21 09:04:13,455 [INFO] PluginManager:220 - loadIPPluginJar : add spi
2024-05-21 09:04:13,459 [INFO] IPUIPlugin:80 - create IPUIPlugin
2024-05-21 09:04:13,459 [INFO] PluginManager:220 - loadIPPluginJar : add stm32_wpan
2024-05-21 09:04:13,460 [INFO] IPUIPlugin:80 - create IPUIPlugin
2024-05-21 09:04:13,460 [INFO] PluginManager:220 - loadIPPluginJar : add tim
2024-05-21 09:04:13,462 [INFO] IPUIPlugin:80 - create IPUIPlugin
2024-05-21 09:04:13,462 [INFO] PluginManager:220 - loadIPPluginJar : add touchsensing
2024-05-21 09:04:13,463 [INFO] IPUIPlugin:80 - create IPUIPlugin
2024-05-21 09:04:13,464 [INFO] PluginManager:220 - loadIPPluginJar : add tracer_emb
2024-05-21 09:04:13,465 [INFO] IPUIPlugin:80 - create IPUIPlugin
2024-05-21 09:04:13,465 [INFO] PluginManager:220 - loadIPPluginJar : add ts
2024-05-21 09:04:13,466 [INFO] IPUIPlugin:80 - create IPUIPlugin
2024-05-21 09:04:13,466 [INFO] PluginManager:220 - loadIPPluginJar : add tsc
2024-05-21 09:04:13,467 [INFO] IPUIPlugin:80 - create IPUIPlugin
2024-05-21 09:04:13,467 [INFO] PluginManager:220 - loadIPPluginJar : add ucpd
2024-05-21 09:04:13,469 [INFO] IPUIPlugin:80 - create IPUIPlugin
2024-05-21 09:04:13,469 [INFO] PluginManager:220 - loadIPPluginJar : add usart
2024-05-21 09:04:13,472 [INFO] IPUIPlugin:80 - create IPUIPlugin
2024-05-21 09:04:13,472 [INFO] PluginManager:220 - loadIPPluginJar : add usbx
2024-05-21 09:04:13,592 [INFO] CADModel:165 - CPN selected for project level
2024-05-21 09:04:13,592 [INFO] CADModel:114 - Register for checkConnection events
2024-05-21 09:04:13,592 [FATAL] Updater:308 - Updater called before beeing initialized
2024-05-21 09:04:13,592 [ERROR] CADModel:125 - Updater not yet initialized, retry later 
2024-05-21 09:04:13,705 [INFO] CADModel:165 - CPN selected for project level
2024-05-21 09:04:13,705 [INFO] CADModel:114 - Register for checkConnection events
2024-05-21 09:04:13,705 [FATAL] Updater:308 - Updater called before beeing initialized
2024-05-21 09:04:13,706 [ERROR] CADModel:125 - Updater not yet initialized, retry later 
2024-05-21 09:04:13,708 [FATAL] Updater:308 - Updater called before beeing initialized
2024-05-21 09:04:13,808 [FATAL] Updater:308 - Updater called before beeing initialized
2024-05-21 09:04:13,812 [INFO] DbMcusAds:53 - JSON generation date=Thu May 02 16:37:29 CST 2024 (1714639049318)
2024-05-21 09:04:13,812 [FATAL] Updater:308 - Updater called before beeing initialized
2024-05-21 09:04:13,858 [WARN] DetailPanel:346 - Failed to get advertising image, set to default
2024-05-21 09:04:13,964 [FATAL] Updater:308 - Updater called before beeing initialized
2024-05-21 09:04:13,966 [FATAL] Updater:308 - Updater called before beeing initialized
2024-05-21 09:04:13,966 [FATAL] Updater:308 - Updater called before beeing initialized
2024-05-21 09:04:13,966 [WARN] DetailPanel:346 - Failed to get advertising image, set to default
2024-05-21 09:04:13,967 [FATAL] Updater:308 - Updater called before beeing initialized
2024-05-21 09:04:14,005 [ERROR] Updater:1120 - MainUpdater not yet initialized. External WinMGr cannot be set.
2024-05-21 09:04:14,006 [INFO] Updater:1056 - Updater Version found : 6.10.0
2024-05-21 09:04:14,019 [INFO] ApplicationProperties:184 - Using Application install path: E:\STSB\STM32CubeIDE_1.14.1\STM32CubeIDE\plugins\com.st.stm32cube.common.mx_6.10.0.202311202037
2024-05-21 09:04:14,357 [INFO] MainUpdater:2873 - connection check result : 10
2024-05-21 09:04:14,357 [INFO] MainUpdater:290 - Updater Check For Update Now.
2024-05-21 09:04:14,357 [INFO] MicroXplorer:498 - Change Database Version : DB.6.0.100
2024-05-21 09:04:14,361 [INFO] McuFinderGlobals:63 - Set McuFinder mode to 2 (CubeIDE integrated)
2024-05-21 09:04:14,362 [INFO] UserAuth:180 - activating auth plugin
2024-05-21 09:04:14,363 [INFO] UserAuth:404 - Internet connection configuration mode: 1
2024-05-21 09:04:14,388 [INFO] JxBrowserEngine:152 - Initiate JxBrowser Engine with user profile folder
2024-05-21 09:04:14,524 [INFO] CheckServerUpdateThread:120 - End of CheckServer Thread
2024-05-21 09:04:15,102 [INFO] WebApp:161 - Instantiating new browser for Auth
2024-05-21 09:04:15,609 [INFO] WebApp:780 - Register for checkConnection events
2024-05-21 09:04:15,609 [INFO] WebApp:414 - Apply proxy settings
2024-05-21 09:04:15,609 [INFO] WebApp:499 - Chromium requires no authentication
2024-05-21 09:04:15,615 [INFO] WebApp:442 - Direct internet connection detected
2024-05-21 09:04:15,730 [INFO] WebApp:192 - Starting web application
2024-05-21 09:04:15,730 [INFO] WebApp:544 - Web application path used E:\STSB\STM32CubeIDE_1.14.1\STM32CubeIDE\plugins\com.st.stm32cube.common.mx_6.10.0.202311202037\db\plugins\mcufinder\reactClient1\index.html
2024-05-21 09:04:16,205 [WARN] PackLoader:240 - Cannot read IP mode file for STMicroelectronics.FP-SNS-MOTENVWB1.1.4.0
2024-05-21 09:04:16,213 [WARN] PackLoader:240 - Cannot read IP mode file for STMicroelectronics.X-CUBE-SMBUS.2.1.0
2024-05-21 09:04:16,218 [WARN] PackLoader:240 - Cannot read IP mode file for STMicroelectronics.X-CUBE-TOUCHGFX.4.23.1
2024-05-21 09:04:16,220 [WARN] PackLoader:240 - Cannot read IP mode file for STMicroelectronics.X-CUBE-TOUCHGFX.4.23.0
2024-05-21 09:04:16,222 [WARN] PackLoader:240 - Cannot read IP mode file for STMicroelectronics.X-CUBE-TOUCHGFX.4.23.2
2024-05-21 09:04:16,245 [WARN] PackLoader:240 - Cannot read IP mode file for STMicroelectronics.X-CUBE-AZRTOS-F7.1.1.0
2024-05-21 09:04:16,254 [WARN] PackLoader:240 - Cannot read IP mode file for STMicroelectronics.FP-SNS-MOTENV1.4.3.2
2024-05-21 09:04:16,261 [WARN] PackLoader:240 - Cannot read IP mode file for STMicroelectronics.FP-SNS-FLIGHT1.5.0.2
2024-05-21 09:04:16,268 [WARN] PackLoader:240 - Cannot read IP mode file for STMicroelectronics.X-CUBE-DISPLAY.3.0.0
2024-05-21 09:04:16,280 [WARN] PackLoader:240 - Cannot read IP mode file for STMicroelectronics.X-CUBE-BLE1.7.0.0
2024-05-21 09:04:16,286 [WARN] PackLoader:240 - Cannot read IP mode file for emotas.I-CUBE-CANOPEN.1.3.0
2024-05-21 09:04:16,294 [WARN] PackLoader:240 - Cannot read IP mode file for STMicroelectronics.X-CUBE-BLEMGR.3.1.0
2024-05-21 09:04:16,302 [WARN] PackLoader:240 - Cannot read IP mode file for STMicroelectronics.FP-SNS-SMARTAG2.1.2.0
2024-05-21 09:04:16,312 [INFO] LogOutputStream:77 - [STDOUT_REDIRECT] 1 : Invalid condition id : UX_CORESTACK_Condition cause : null
2024-05-21 09:04:16,312 [INFO] LogOutputStream:77 - [STDOUT_REDIRECT] 1 : Invalid condition id : UX_CORESTACK_Condition cause : null
2024-05-21 09:04:16,313 [INFO] LogOutputStream:77 - [STDOUT_REDIRECT] 1 : Invalid condition id : UX_CORESTACK_Condition cause : null
2024-05-21 09:04:16,314 [INFO] LogOutputStream:77 - [STDOUT_REDIRECT] 1 : Invalid condition id : UX_CORESTACK_Condition cause : null
2024-05-21 09:04:16,315 [INFO] LogOutputStream:77 - [STDOUT_REDIRECT] 1 : Invalid condition id : UX_CORESTACK_Condition cause : null
2024-05-21 09:04:16,318 [WARN] PackLoader:240 - Cannot read IP mode file for STMicroelectronics.X-CUBE-AZRTOS-WL.2.0.0
2024-05-21 09:04:16,322 [WARN] PackLoader:240 - Cannot read IP mode file for STMicroelectronics.FP-SNS-MOTENV1.5.0.0
2024-05-21 09:04:16,328 [WARN] PackLoader:240 - Cannot read IP mode file for STMicroelectronics.X-CUBE-BLE2.3.3.0
2024-05-21 09:04:16,335 [WARN] PackLoader:240 - Cannot read IP mode file for STMicroelectronics.X-CUBE-TCPP.4.1.0
2024-05-21 09:04:16,347 [WARN] PackLoader:240 - Cannot read IP mode file for STMicroelectronics.X-CUBE-ALGOBUILD.1.3.0
2024-05-21 09:04:16,363 [WARN] PackLoader:240 - Cannot read IP mode file for STMicroelectronics.X-CUBE-AZRTOS-G0.1.1.0
2024-05-21 09:04:16,372 [WARN] PackLoader:240 - Cannot read IP mode file for STMicroelectronics.X-CUBE-SAFEA1.1.2.2
2024-05-21 09:04:16,379 [WARN] PackLoader:240 - Cannot read IP mode file for STMicroelectronics.X-CUBE-NFC4.3.0.0
2024-05-21 09:04:16,386 [WARN] PackLoader:240 - Cannot read IP mode file for STMicroelectronics.X-CUBE-BLEMGR.3.0.0
2024-05-21 09:04:16,393 [WARN] PackLoader:240 - Cannot read IP mode file for wolfSSL.I-CUBE-wolfSSL.5.7.0
2024-05-21 09:04:16,397 [WARN] PackLoader:240 - Cannot read IP mode file for STMicroelectronics.FP-ATR-SIGFOX1.3.2.0
2024-05-21 09:04:16,403 [WARN] PackLoader:240 - Cannot read IP mode file for STMicroelectronics.X-CUBE-EEPRMA1.5.1.0
2024-05-21 09:04:16,429 [WARN] PackLoader:240 - Cannot read IP mode file for ITTIA_DB.I-CUBE-ITTIADB.8.9.0
2024-05-21 09:04:16,467 [WARN] PackLoader:240 - Cannot read IP mode file for SEGGER.I-CUBE-embOS.1.3.1
2024-05-21 09:04:16,505 [WARN] PackLoader:240 - Cannot read IP mode file for STMicroelectronics.X-CUBE-ALGOBUILD.1.4.0
2024-05-21 09:04:16,510 [WARN] PackLoader:240 - Cannot read IP mode file for STMicroelectronics.X-CUBE-GNSS1.6.0.0
2024-05-21 09:04:16,525 [WARN] PackLoader:240 - Cannot read IP mode file for STMicroelectronics.X-CUBE-AZRTOS-F4.1.1.0
2024-05-21 09:04:16,532 [WARN] PackLoader:240 - Cannot read IP mode file for STMicroelectronics.X-CUBE-FREERTOS.1.2.0
2024-05-21 09:04:16,539 [WARN] PackLoader:240 - Cannot read IP mode file for wolfSSL.I-CUBE-wolfSSL.5.6.6
2024-05-21 09:04:16,551 [WARN] PackLoader:240 - Cannot read IP mode file for STMicroelectronics.X-CUBE-AZRTOS-L5.2.0.0
2024-05-21 09:04:16,559 [WARN] PackLoader:240 - Cannot read IP mode file for STMicroelectronics.X-CUBE-NFC6.3.1.0
2024-05-21 09:04:16,564 [WARN] PackLoader:240 - Cannot read IP mode file for ITTIA_DB.I-CUBE-ITTIADB.8.8.0
2024-05-21 09:04:16,568 [WARN] PackLoader:240 - Cannot read IP mode file for STMicroelectronics.X-CUBE-AI.9.0.0
2024-05-21 09:04:16,573 [WARN] PackLoader:240 - Cannot read IP mode file for STMicroelectronics.X-CUBE-NFC7.1.0.1
2024-05-21 09:04:16,579 [WARN] PackLoader:240 - Cannot read IP mode file for STMicroelectronics.X-CUBE-NFC6.3.0.0
2024-05-21 09:04:16,583 [WARN] PackLoader:240 - Cannot read IP mode file for STMicroelectronics.X-CUBE-AI.8.1.0
2024-05-21 09:04:16,595 [WARN] ConditionMgr:438 - getConditionDescription Invalid condition id : LAN8742 Phy interface Condition cause : null
2024-05-21 09:04:16,596 [WARN] PackLoader:240 - Cannot read IP mode file for STMicroelectronics.X-CUBE-AZRTOS-L4.2.0.0
2024-05-21 09:04:16,597 [WARN] ConditionMgr:1039 - genDependencies : Invalid condition id : LAN8742 Phy interface Condition cause : null
2024-05-21 09:04:16,597 [WARN] ConditionMgr:1039 - genDependencies : Invalid condition id : LAN8742 Phy interface Condition cause : null
2024-05-21 09:04:16,598 [WARN] ConditionMgr:1039 - genDependencies : Invalid condition id : LAN8742 Phy interface Condition cause : null
2024-05-21 09:04:16,605 [WARN] PackLoader:240 - Cannot read IP mode file for STMicroelectronics.X-CUBE-SFXS2LP1.4.0.0
2024-05-21 09:04:16,616 [WARN] ConditionMgr:438 - getConditionDescription Invalid condition id : UX DEVICE CLASS RTOS Condition cause : null
2024-05-21 09:04:16,616 [WARN] ConditionMgr:438 - getConditionDescription Invalid condition id : UX DEVICE CLASS RTOS Condition cause : null
2024-05-21 09:04:16,617 [WARN] PackLoader:240 - Cannot read IP mode file for STMicroelectronics.X-CUBE-AZRTOS-WB.2.0.0
2024-05-21 09:04:16,618 [WARN] ConditionMgr:1039 - genDependencies : Invalid condition id : UX DEVICE CLASS RTOS Condition cause : null
2024-05-21 09:04:16,618 [WARN] ConditionMgr:1039 - genDependencies : Invalid condition id : UX DEVICE CLASS RTOS Condition cause : null
2024-05-21 09:04:16,618 [WARN] ConditionMgr:1039 - genDependencies : Invalid condition id : UX DEVICE CLASS RTOS Condition cause : null
2024-05-21 09:04:16,618 [WARN] ConditionMgr:1039 - genDependencies : Invalid condition id : UX DEVICE CLASS RTOS Condition cause : null
2024-05-21 09:04:16,618 [WARN] ConditionMgr:1039 - genDependencies : Invalid condition id : UX DEVICE CLASS RTOS Condition cause : null
2024-05-21 09:04:16,627 [WARN] PackLoader:240 - Cannot read IP mode file for STMicroelectronics.X-CUBE-SUBG2.5.0.0
2024-05-21 09:04:16,640 [WARN] PackLoader:240 - Cannot read IP mode file for STMicroelectronics.X-CUBE-AZRTOS-G4.2.0.0
2024-05-21 09:04:16,651 [WARN] PackLoader:240 - Cannot read IP mode file for Infineon.AIROC-Wi-Fi-Bluetooth-STM32.1.5.1
2024-05-21 09:04:16,657 [WARN] PackLoader:240 - Cannot read IP mode file for STMicroelectronics.FP-SNS-MOTENVWB1.1.3.1
2024-05-21 09:04:16,662 [WARN] PackLoader:240 - Cannot read IP mode file for STMicroelectronics.X-CUBE-ISPU.2.0.0
2024-05-21 09:04:16,687 [WARN] PackLoader:240 - Cannot read IP mode file for STMicroelectronics.X-CUBE-MEMS1.10.0.0
2024-05-21 09:04:16,786 [WARN] PackLoader:240 - Cannot read IP mode file for STMicroelectronics.X-CUBE-FREERTOS.1.1.0
2024-05-21 09:04:16,801 [WARN] PackLoader:240 - Cannot read IP mode file for portGmbH.I-Cube-SoM-uGOAL.1.1.0
2024-05-21 09:04:16,806 [WARN] PackLoader:240 - Cannot read IP mode file for STMicroelectronics.X-CUBE-ALS.1.0.1
2024-05-21 09:04:16,825 [WARN] PackLoader:240 - Cannot read IP mode file for STMicroelectronics.X-CUBE-AZRTOS-H7RS.1.0.0
2024-05-21 09:04:16,834 [WARN] PackLoader:240 - Cannot read IP mode file for STMicroelectronics.FP-ATR-ASTRA1.2.0.0
2024-05-21 09:04:16,845 [WARN] PackLoader:240 - Cannot read IP mode file for STMicroelectronics.X-CUBE-TOF1.3.4.0
2024-05-21 09:04:16,862 [WARN] PackLoader:240 - Cannot read IP mode file for STMicroelectronics.X-CUBE-TOF1.3.4.1
2024-05-21 09:04:16,891 [WARN] PackLoader:240 - Cannot read IP mode file for STMicroelectronics.X-CUBE-AZRTOS-H7.3.2.0
2024-05-21 09:04:16,894 [INFO] ThirdParty:978 - Integrity check success = true
2024-05-21 09:04:16,894 [INFO] IntegrityCheckThread:100 - exiting critical section [integrity check]
2024-05-21 09:04:16,894 [INFO] IntegrityCheckThread:103 - End integrity checks thread
2024-05-21 09:04:36,248 [ERROR] LogOutputStream:75 - [STDERR_REDIRECT] SLF4J: Failed to load class "org.slf4j.impl.StaticLoggerBinder".
2024-05-21 09:04:36,249 [ERROR] LogOutputStream:75 - [STDERR_REDIRECT] SLF4J: Defaulting to no-operation (NOP) logger implementation
2024-05-21 09:04:36,249 [ERROR] LogOutputStream:75 - [STDERR_REDIRECT] SLF4J: See http://www.slf4j.org/codes.html#StaticLoggerBinder for further details.
2024-05-21 10:35:30,984 [INFO] LogOutputStream:77 - [STDOUT_REDIRECT] 
2024-05-21 10:35:31,021 [INFO] LogOutputStream:77 - [STDOUT_REDIRECT] 
2024-05-21 10:35:31,052 [INFO] LogOutputStream:77 - [STDOUT_REDIRECT] 
2024-05-21 10:35:31,084 [INFO] LogOutputStream:77 - [STDOUT_REDIRECT] 
2024-05-21 10:35:31,114 [INFO] LogOutputStream:77 - [STDOUT_REDIRECT] 
2024-05-21 10:35:31,142 [INFO] LogOutputStream:77 - [STDOUT_REDIRECT] 
2024-05-21 10:35:31,259 [INFO] LogOutputStream:77 - [STDOUT_REDIRECT] 
2024-05-21 10:35:31,288 [INFO] LogOutputStream:77 - [STDOUT_REDIRECT] 
2024-05-21 10:35:31,581 [INFO] LogOutputStream:77 - [STDOUT_REDIRECT] 
2024-05-21 10:35:31,609 [INFO] LogOutputStream:77 - [STDOUT_REDIRECT] 
2024-05-21 10:35:31,634 [INFO] LogOutputStream:77 - [STDOUT_REDIRECT] 
2024-05-21 10:35:31,659 [INFO] LogOutputStream:77 - [STDOUT_REDIRECT] 
2024-05-21 10:35:31,727 [INFO] LogOutputStream:77 - [STDOUT_REDIRECT] 
2024-05-21 10:35:31,750 [INFO] LogOutputStream:77 - [STDOUT_REDIRECT] 
2024-05-21 10:35:31,776 [INFO] LogOutputStream:77 - [STDOUT_REDIRECT] 
2024-05-21 10:35:31,800 [INFO] LogOutputStream:77 - [STDOUT_REDIRECT] 
2024-05-21 10:35:31,827 [INFO] LogOutputStream:77 - [STDOUT_REDIRECT] 
2024-05-21 10:35:31,851 [INFO] LogOutputStream:77 - [STDOUT_REDIRECT] 
2024-05-21 10:35:35,535 [INFO] LogOutputStream:77 - [STDOUT_REDIRECT] 
2024-05-21 10:35:35,563 [INFO] LogOutputStream:77 - [STDOUT_REDIRECT] 
2024-05-21 10:35:35,594 [INFO] LogOutputStream:77 - [STDOUT_REDIRECT] 
2024-05-21 10:35:35,623 [INFO] LogOutputStream:77 - [STDOUT_REDIRECT] 
2024-05-21 10:35:35,652 [INFO] LogOutputStream:77 - [STDOUT_REDIRECT] 
2024-05-21 10:35:35,682 [INFO] LogOutputStream:77 - [STDOUT_REDIRECT] 
2024-05-21 10:35:39,841 [INFO] LogOutputStream:77 - [STDOUT_REDIRECT] 
2024-05-21 10:35:39,870 [INFO] LogOutputStream:77 - [STDOUT_REDIRECT] 
2024-05-21 10:35:39,895 [INFO] LogOutputStream:77 - [STDOUT_REDIRECT] 
2024-05-21 10:35:39,921 [INFO] LogOutputStream:77 - [STDOUT_REDIRECT] 
2024-05-21 10:35:39,945 [INFO] LogOutputStream:77 - [STDOUT_REDIRECT] 
2024-05-21 10:35:39,975 [INFO] LogOutputStream:77 - [STDOUT_REDIRECT] 
2024-05-21 10:35:39,995 [INFO] LogOutputStream:77 - [STDOUT_REDIRECT] 
2024-05-21 10:36:22,574 [INFO] LogOutputStream:77 - [STDOUT_REDIRECT] 
2024-05-21 10:36:22,624 [INFO] LogOutputStream:77 - [STDOUT_REDIRECT] 
2024-05-21 10:36:22,655 [INFO] LogOutputStream:77 - [STDOUT_REDIRECT] 
2024-05-21 10:36:22,675 [INFO] LogOutputStream:77 - [STDOUT_REDIRECT] 
2024-05-21 10:36:22,700 [INFO] LogOutputStream:77 - [STDOUT_REDIRECT] 
2024-05-21 10:36:22,733 [INFO] LogOutputStream:77 - [STDOUT_REDIRECT] 
2024-05-21 10:36:22,763 [INFO] LogOutputStream:77 - [STDOUT_REDIRECT] 
2024-05-21 10:39:23,220 [INFO] LogOutputStream:77 - [STDOUT_REDIRECT] 
2024-05-21 10:39:23,251 [INFO] LogOutputStream:77 - [STDOUT_REDIRECT] 
2024-05-21 10:39:23,270 [INFO] LogOutputStream:77 - [STDOUT_REDIRECT] 
2024-05-21 10:39:23,296 [INFO] LogOutputStream:77 - [STDOUT_REDIRECT] 
2024-05-21 10:39:23,320 [INFO] LogOutputStream:77 - [STDOUT_REDIRECT] 
2024-05-21 10:39:23,359 [INFO] LogOutputStream:77 - [STDOUT_REDIRECT] 
2024-05-21 10:39:23,378 [INFO] LogOutputStream:77 - [STDOUT_REDIRECT] 
2024-05-21 10:55:38,156 [INFO] LogOutputStream:77 - [STDOUT_REDIRECT] 
2024-05-21 10:55:38,198 [INFO] LogOutputStream:77 - [STDOUT_REDIRECT] 
2024-05-21 10:55:38,222 [INFO] LogOutputStream:77 - [STDOUT_REDIRECT] 
2024-05-21 10:55:38,253 [INFO] LogOutputStream:77 - [STDOUT_REDIRECT] 
2024-05-21 10:55:38,273 [INFO] LogOutputStream:77 - [STDOUT_REDIRECT] 
2024-05-21 10:55:38,298 [INFO] LogOutputStream:77 - [STDOUT_REDIRECT] 
2024-05-21 10:55:38,372 [INFO] LogOutputStream:77 - [STDOUT_REDIRECT] 
2024-05-21 10:55:38,402 [INFO] LogOutputStream:77 - [STDOUT_REDIRECT] 
2024-05-21 10:55:38,422 [INFO] LogOutputStream:77 - [STDOUT_REDIRECT] 
2024-05-21 10:55:38,447 [INFO] LogOutputStream:77 - [STDOUT_REDIRECT] 
2024-05-21 10:55:38,472 [INFO] LogOutputStream:77 - [STDOUT_REDIRECT] 
2024-05-21 10:55:38,489 [INFO] LogOutputStream:77 - [STDOUT_REDIRECT] 
2024-05-21 10:55:38,557 [INFO] LogOutputStream:77 - [STDOUT_REDIRECT] 
2024-05-21 10:55:38,585 [INFO] LogOutputStream:77 - [STDOUT_REDIRECT] 
2024-05-21 10:55:38,611 [INFO] LogOutputStream:77 - [STDOUT_REDIRECT] 
2024-05-21 10:55:38,639 [INFO] LogOutputStream:77 - [STDOUT_REDIRECT] 
2024-05-21 10:55:38,662 [INFO] LogOutputStream:77 - [STDOUT_REDIRECT] 
2024-05-21 10:55:38,681 [INFO] LogOutputStream:77 - [STDOUT_REDIRECT] 
2024-05-21 10:55:42,074 [INFO] LogOutputStream:77 - [STDOUT_REDIRECT] 
2024-05-21 10:55:42,090 [INFO] LogOutputStream:77 - [STDOUT_REDIRECT] 
2024-05-21 10:55:42,117 [INFO] LogOutputStream:77 - [STDOUT_REDIRECT] 
2024-05-21 10:55:42,140 [INFO] LogOutputStream:77 - [STDOUT_REDIRECT] 
2024-05-21 10:55:42,165 [INFO] LogOutputStream:77 - [STDOUT_REDIRECT] 
2024-05-21 10:55:42,196 [INFO] LogOutputStream:77 - [STDOUT_REDIRECT] 
2024-05-21 10:55:45,850 [INFO] LogOutputStream:77 - [STDOUT_REDIRECT] 
2024-05-21 10:55:45,977 [INFO] LogOutputStream:77 - [STDOUT_REDIRECT] 
2024-05-21 10:55:46,008 [INFO] LogOutputStream:77 - [STDOUT_REDIRECT] 
2024-05-21 10:55:46,038 [INFO] LogOutputStream:77 - [STDOUT_REDIRECT] 
2024-05-21 10:55:46,057 [INFO] LogOutputStream:77 - [STDOUT_REDIRECT] 
2024-05-21 10:55:46,083 [INFO] LogOutputStream:77 - [STDOUT_REDIRECT] 
2024-05-21 10:55:46,108 [INFO] LogOutputStream:77 - [STDOUT_REDIRECT] 
2024-05-21 11:08:57,854 [INFO] LogOutputStream:77 - [STDOUT_REDIRECT] 
2024-05-21 11:08:57,976 [INFO] LogOutputStream:77 - [STDOUT_REDIRECT] 
2024-05-21 11:08:58,004 [INFO] LogOutputStream:77 - [STDOUT_REDIRECT] 
2024-05-21 11:08:58,028 [INFO] LogOutputStream:77 - [STDOUT_REDIRECT] 
2024-05-21 11:08:58,046 [INFO] LogOutputStream:77 - [STDOUT_REDIRECT] 
2024-05-21 11:08:58,081 [INFO] LogOutputStream:77 - [STDOUT_REDIRECT] 
2024-05-21 11:08:58,106 [INFO] LogOutputStream:77 - [STDOUT_REDIRECT] 
2024-05-21 11:18:57,112 [INFO] LogOutputStream:77 - [STDOUT_REDIRECT] 
2024-05-21 11:18:57,152 [INFO] LogOutputStream:77 - [STDOUT_REDIRECT] 
2024-05-21 11:18:57,169 [INFO] LogOutputStream:77 - [STDOUT_REDIRECT] 
2024-05-21 11:18:57,194 [INFO] LogOutputStream:77 - [STDOUT_REDIRECT] 
2024-05-21 11:18:57,220 [INFO] LogOutputStream:77 - [STDOUT_REDIRECT] 
2024-05-21 11:18:57,244 [INFO] LogOutputStream:77 - [STDOUT_REDIRECT] 
2024-05-21 11:18:57,267 [INFO] LogOutputStream:77 - [STDOUT_REDIRECT] 
2024-05-21 11:21:09,564 [INFO] LogOutputStream:77 - [STDOUT_REDIRECT] 
2024-05-21 11:21:09,592 [INFO] LogOutputStream:77 - [STDOUT_REDIRECT] 
2024-05-21 11:21:09,617 [INFO] LogOutputStream:77 - [STDOUT_REDIRECT] 
2024-05-21 11:21:09,642 [INFO] LogOutputStream:77 - [STDOUT_REDIRECT] 
2024-05-21 11:21:09,667 [INFO] LogOutputStream:77 - [STDOUT_REDIRECT] 
2024-05-21 11:21:09,701 [INFO] LogOutputStream:77 - [STDOUT_REDIRECT] 
2024-05-21 11:21:09,725 [INFO] LogOutputStream:77 - [STDOUT_REDIRECT] 
2024-05-21 11:23:21,288 [INFO] LogOutputStream:77 - [STDOUT_REDIRECT] 
2024-05-21 11:23:21,331 [INFO] LogOutputStream:77 - [STDOUT_REDIRECT] 
2024-05-21 11:23:21,361 [INFO] LogOutputStream:77 - [STDOUT_REDIRECT] 
2024-05-21 11:23:21,381 [INFO] LogOutputStream:77 - [STDOUT_REDIRECT] 
2024-05-21 11:23:21,410 [INFO] LogOutputStream:77 - [STDOUT_REDIRECT] 
2024-05-21 11:23:21,431 [INFO] LogOutputStream:77 - [STDOUT_REDIRECT] 
2024-05-21 11:23:21,457 [INFO] LogOutputStream:77 - [STDOUT_REDIRECT] 
2024-05-21 11:26:33,016 [INFO] LogOutputStream:77 - [STDOUT_REDIRECT] 
2024-05-21 11:26:33,040 [INFO] LogOutputStream:77 - [STDOUT_REDIRECT] 
2024-05-21 11:26:33,064 [INFO] LogOutputStream:77 - [STDOUT_REDIRECT] 
2024-05-21 11:26:33,090 [INFO] LogOutputStream:77 - [STDOUT_REDIRECT] 
2024-05-21 11:26:33,124 [INFO] LogOutputStream:77 - [STDOUT_REDIRECT] 
2024-05-21 11:26:33,148 [INFO] LogOutputStream:77 - [STDOUT_REDIRECT] 
2024-05-21 11:26:33,173 [INFO] LogOutputStream:77 - [STDOUT_REDIRECT] 
2024-05-21 11:30:16,982 [INFO] LogOutputStream:77 - [STDOUT_REDIRECT] 
2024-05-21 11:30:17,007 [INFO] LogOutputStream:77 - [STDOUT_REDIRECT] 
2024-05-21 11:30:17,031 [INFO] LogOutputStream:77 - [STDOUT_REDIRECT] 
2024-05-21 11:30:17,065 [INFO] LogOutputStream:77 - [STDOUT_REDIRECT] 
2024-05-21 11:30:17,092 [INFO] LogOutputStream:77 - [STDOUT_REDIRECT] 
2024-05-21 11:30:17,115 [INFO] LogOutputStream:77 - [STDOUT_REDIRECT] 
2024-05-21 11:30:17,140 [INFO] LogOutputStream:77 - [STDOUT_REDIRECT] 
2024-05-21 11:34:04,669 [INFO] LogOutputStream:77 - [STDOUT_REDIRECT] 
2024-05-21 11:34:04,702 [INFO] LogOutputStream:77 - [STDOUT_REDIRECT] 
2024-05-21 11:34:04,725 [INFO] LogOutputStream:77 - [STDOUT_REDIRECT] 
2024-05-21 11:34:04,749 [INFO] LogOutputStream:77 - [STDOUT_REDIRECT] 
2024-05-21 11:34:04,775 [INFO] LogOutputStream:77 - [STDOUT_REDIRECT] 
2024-05-21 11:34:04,810 [INFO] LogOutputStream:77 - [STDOUT_REDIRECT] 
2024-05-21 11:34:04,836 [INFO] LogOutputStream:77 - [STDOUT_REDIRECT] 
2024-05-21 14:26:25,822 [ERROR] LogOutputStream:75 - [STDERR_REDIRECT] Warning: NLS missing message: GotoMatchingBracket_error_noMatchingBracket in: org.eclipse.ui.internal.genericeditor.messages
2024-05-21 14:26:25,824 [ERROR] LogOutputStream:75 - [STDERR_REDIRECT] Warning: NLS missing message: GotoMatchingBracket_error_bracketOutsideSelectedElement in: org.eclipse.ui.internal.genericeditor.messages
2024-05-21 14:54:05,379 [ERROR] ConfigurationRetriever:142 - IOException on connection: Read timed out
2024-05-21 17:35:36,996 [ERROR] LogOutputStream:75 - [STDERR_REDIRECT] 
