17:28:21 **** Incremental Build of configuration Debug for project 24_ov2640_camera ****
make -j16 all 
arm-none-eabi-gcc "../Core/Src/main.c" -mcpu=cortex-m4 -std=gnu11 -g3 -DDEBUG -DUSE_HAL_DRIVER -DSTM32F407xx -c -I../Core/Inc -I../../../libraries/Drivers/STM32F4xx_HAL_Driver/Inc -I../../../libraries/Drivers/STM32F4xx_HAL_Driver/Inc/Legacy -I../../../libraries/Drivers/CMSIS/Device/ST/STM32F4xx/Include -I../../../libraries/Drivers/CMSIS/Include -I../../../libraries/Drivers/SYSTEM -I../BSP/LED -I../BSP/KEY -I../BSP/LCD -I../Drivers/STM32F4xx_HAL_Driver/Inc -I../Drivers/STM32F4xx_HAL_Driver/Inc/Legacy -I../Drivers/CMSIS/Device/ST/STM32F4xx/Include -I../Drivers/CMSIS/Include -O0 -ffunction-sections -fdata-sections -Wall -fstack-usage -fcyclomatic-complexity -MMD -MP -MF"Core/Src/main.d" -MT"Core/Src/main.o" --specs=nano.specs -mfpu=fpv4-sp-d16 -mfloat-abi=hard -mthumb -o "Core/Src/main.o"
../Core/Src/main.c: In function 'jpeg_test':
../Core/Src/main.c:212:5: warning: implicit declaration of function 'lcd_show_string' [-Wimplicit-function-declaration]
  212 |     lcd_show_string(30, 50, 200, 16, 16, "STM32", RED);
      |     ^~~~~~~~~~~~~~~
../Core/Src/main.c:219:5: warning: implicit declaration of function 'ov2640_jpeg_mode' [-Wimplicit-function-declaration]
  219 |     ov2640_jpeg_mode();                                                                         /* Configure OV2640 to JPEG mode */
      |     ^~~~~~~~~~~~~~~~
../Core/Src/main.c:226:5: warning: implicit declaration of function 'ov2640_outsize_set' [-Wimplicit-function-declaration]
  226 |     ov2640_outsize_set(jpeg_img_size_tbl[size][0], jpeg_img_size_tbl[size][1]);         /* Set image output size */
      |     ^~~~~~~~~~~~~~~~~~
../Core/Src/main.c:234:38: warning: format '%d' expects argument of type 'int', but argument 2 has type 'uint32_t' {aka 'long unsigned int'} [-Wformat=]
  234 |             printf("g_jpeg_data_len:%d\r\n", g_jpeg_data_len << 2);                 /* Print JPEG data length */
      |                                     ~^       ~~~~~~~~~~~~~~~~~~~~
      |                                      |                       |
      |                                      int                     uint32_t {aka long unsigned int}
      |                                     %ld
../Core/Src/main.c:284:25: warning: implicit declaration of function 'ov2640_contrast' [-Wimplicit-function-declaration]
  284 |                         ov2640_contrast(contrast);
      |                         ^~~~~~~~~~~~~~~
../Core/Src/main.c: In function 'rgb565_test':
../Core/Src/main.c:337:5: warning: implicit declaration of function 'ov2640_rgb565_mode' [-Wimplicit-function-declaration]
  337 |     ov2640_rgb565_mode();                                                   /* Configure OV2640 to RGB565 mode */
      |     ^~~~~~~~~~~~~~~~~~
../Core/Src/main.c:371:25: warning: implicit declaration of function 'ov2640_image_win_set' [-Wimplicit-function-declaration]
  371 |                         ov2640_image_win_set((1600 - lcddev.width) >> 1,
      |                         ^~~~~~~~~~~~~~~~~~~~
../Core/Src/main.c: In function 'main':
../Core/Src/main.c:445:10: warning: implicit declaration of function 'ov2640_init' [-Wimplicit-function-declaration]
  445 |   while (ov2640_init() != 0)                                      /* Initializes the OV2640 */
      |          ^~~~~~~~~~~
../Core/Src/main.c:454:3: warning: implicit declaration of function 'ov2640_flash_intctrl' [-Wimplicit-function-declaration]
  454 |   ov2640_flash_intctrl();
      |   ^~~~~~~~~~~~~~~~~~~~
arm-none-eabi-gcc -o "24_ov2640_camera.elf" @"objects.list"   -mcpu=cortex-m4 -T"F:\m144-m4-mini-board-stm32f407\example\24_ov2640_camera\STM32F407ZGTX_FLASH.ld" --specs=nosys.specs -Wl,-Map="24_ov2640_camera.map" -Wl,--gc-sections -static --specs=nano.specs -mfpu=fpv4-sp-d16 -mfloat-abi=hard -mthumb -u _printf_float -Wl,--start-group -lc -lm -Wl,--end-group
Finished building target: 24_ov2640_camera.elf
 
arm-none-eabi-size  24_ov2640_camera.elf 
arm-none-eabi-objdump -h -S 24_ov2640_camera.elf  > "24_ov2640_camera.list"
arm-none-eabi-objcopy  -O ihex 24_ov2640_camera.elf  "24_ov2640_camera.hex"
arm-none-eabi-objcopy  -O binary 24_ov2640_camera.elf  "24_ov2640_camera.bin"
   text	   data	    bss	    dec	    hex	filename
  69080	    536	 129608	 199224	  30a38	24_ov2640_camera.elf
Finished building: default.size.stdout
 
Finished building: 24_ov2640_camera.hex
Finished building: 24_ov2640_camera.bin
 
Finished building: 24_ov2640_camera.list
 
 

17:28:24 Build Finished. 0 errors, 9 warnings. (took 3s.664ms)

